[35m[1mConsolidate compiler generated dependencies of target navigation_services_provider_unit[0m
[ 50%] [32mBuilding CXX object CMakeFiles/navigation_services_provider_unit.dir/src/navigation_services_provider_unit.cpp.o[0m
In file included from [01m[K/home/denis/diploma_ws/src/nspu/src/navigation_services_provider_unit.cpp:1[m[K:
[01m[K/home/denis/diploma_ws/src/nspu/include/nspu/navigation_services_provider_unit.hpp:13:1:[m[K [01;31m[Kerror: [m[Knew types may not be defined in a return type
   13 | [01;31m[Kclass[m[K NavigationServicesProviderUnit : public rclcpp::Node
      | [01;31m[K^~~~~[m[K
[01m[K/home/denis/diploma_ws/src/nspu/include/nspu/navigation_services_provider_unit.hpp:13:1:[m[K [01;36m[Knote: [m[K(perhaps a semicolon is missing after the definition of â€˜[01m[KNavigationServicesProviderUnit[m[Kâ€™)
[01m[K/home/denis/diploma_ws/src/nspu/include/nspu/navigation_services_provider_unit.hpp:13:1:[m[K [01;31m[Kerror: [m[Kreturn type specification for constructor invalid
[01m[K/home/denis/diploma_ws/src/nspu/src/navigation_services_provider_unit.cpp:[m[K In member function â€˜[01m[Kvoid NavigationServicesProviderUnit::get_goal_distance_srv_cb(dms_interfaces::srv::GetGoalDistance_Request_<std::allocator<void> >::SharedPtr, dms_interfaces::srv::GetGoalDistance_Response_<std::allocator<void> >::SharedPtr)[m[Kâ€™:
[01m[K/home/denis/diploma_ws/src/nspu/src/navigation_services_provider_unit.cpp:47:67:[m[K [01;35m[Kwarning: [m[Kunused parameter â€˜[01m[Krequest[m[Kâ€™ [[01;35m[K]8;;https://gcc.gnu.org/onlinedocs/gcc/Warning-Options.html#index-Wunused-parameter-Wunused-parameter]8;;[m[K]
   47 |     [01;35m[Kconst dms_interfaces::srv::GetGoalDistance_Request::SharedPtr request[m[K,
      |     [01;35m[K~~~~~~~~~~~~~~~~~~~~~~~~~~~~~~~~~~~~~~~~~~~~~~~~~~~~~~~~~~~~~~^~~~~~~[m[K
gmake[2]: *** [CMakeFiles/navigation_services_provider_unit.dir/build.make:76: CMakeFiles/navigation_services_provider_unit.dir/src/navigation_services_provider_unit.cpp.o] Error 1
gmake[1]: *** [CMakeFiles/Makefile2:137: CMakeFiles/navigation_services_provider_unit.dir/all] Error 2
gmake: *** [Makefile:146: all] Error 2
