[0.108s] Invoking command in '/home/denis/diploma_ws/build/nspu': CMAKE_PREFIX_PATH=/home/denis/diploma_ws/install/dms_interfaces:/home/denis/diploma_ws/install/turtlebot3_simulations:/home/denis/diploma_ws/install/turtlebot3_navigation2:/home/denis/diploma_ws/install/turtlebot3_gazebo:/home/denis/diploma_ws/install/turtlebot3_fake_node:/home/denis/diploma_ws/install/ssu:/home/denis/diploma_ws/install/nav2_bringup:/home/denis/diploma_ws/install/groot:/home/denis/diploma_ws/install/fsu:/home/denis/diploma_ws/install/csu:/home/denis/diploma_ws/install/bsu:/home/denis/diploma_ws/install/btcpp_ros2_samples:/home/denis/diploma_ws/install/btcpp_ros2_interfaces:/home/denis/diploma_ws/install/bt:/home/denis/diploma_ws/install/behaviortree_ros2:/home/denis/diploma_ws/install/behaviortree_cpp_v3:/home/denis/diploma_ws/install/behaviortree_cpp:/opt/ros/humble LD_LIBRARY_PATH=/home/denis/diploma_ws/install/dms_interfaces/lib:/home/denis/diploma_ws/install/groot/lib:/home/denis/diploma_ws/install/btcpp_ros2_interfaces/lib:/home/denis/diploma_ws/install/behaviortree_cpp_v3/lib:/home/denis/diploma_ws/install/behaviortree_cpp/lib:/usr/lib/x86_64-linux-gnu/gazebo-11/plugins:/opt/ros/humble/opt/rviz_ogre_vendor/lib:/opt/ros/humble/lib/x86_64-linux-gnu:/opt/ros/humble/lib /usr/bin/cmake --build /home/denis/diploma_ws/build/nspu -- -j4 -l4
[0.282s] [35m[1mConsolidate compiler generated dependencies of target navigation_services_provider_unit[0m
[0.329s] [ 50%] [32mBuilding CXX object CMakeFiles/navigation_services_provider_unit.dir/src/navigation_services_provider_unit.cpp.o[0m
[4.241s] In file included from [01m[K/home/denis/diploma_ws/src/nspu/src/navigation_services_provider_unit.cpp:1[m[K:
[4.241s] [01m[K/home/denis/diploma_ws/src/nspu/include/nspu/navigation_services_provider_unit.hpp:13:1:[m[K [01;31m[Kerror: [m[Knew types may not be defined in a return type
[4.242s]    13 | [01;31m[Kclass[m[K NavigationServicesProviderUnit : public rclcpp::Node
[4.242s]       | [01;31m[K^~~~~[m[K
[4.242s] [01m[K/home/denis/diploma_ws/src/nspu/include/nspu/navigation_services_provider_unit.hpp:13:1:[m[K [01;36m[Knote: [m[K(perhaps a semicolon is missing after the definition of â€˜[01m[KNavigationServicesProviderUnit[m[Kâ€™)
[4.242s] [01m[K/home/denis/diploma_ws/src/nspu/include/nspu/navigation_services_provider_unit.hpp:13:1:[m[K [01;31m[Kerror: [m[Kreturn type specification for constructor invalid
[4.284s] [01m[K/home/denis/diploma_ws/src/nspu/src/navigation_services_provider_unit.cpp:[m[K In member function â€˜[01m[Kvoid NavigationServicesProviderUnit::get_goal_distance_srv_cb(dms_interfaces::srv::GetGoalDistance_Request_<std::allocator<void> >::SharedPtr, dms_interfaces::srv::GetGoalDistance_Response_<std::allocator<void> >::SharedPtr)[m[Kâ€™:
[4.284s] [01m[K/home/denis/diploma_ws/src/nspu/src/navigation_services_provider_unit.cpp:47:67:[m[K [01;35m[Kwarning: [m[Kunused parameter â€˜[01m[Krequest[m[Kâ€™ [[01;35m[K]8;;https://gcc.gnu.org/onlinedocs/gcc/Warning-Options.html#index-Wunused-parameter-Wunused-parameter]8;;[m[K]
[4.284s]    47 |     [01;35m[Kconst dms_interfaces::srv::GetGoalDistance_Request::SharedPtr request[m[K,
[4.284s]       |     [01;35m[K~~~~~~~~~~~~~~~~~~~~~~~~~~~~~~~~~~~~~~~~~~~~~~~~~~~~~~~~~~~~~~^~~~~~~[m[K
[9.887s] gmake[2]: *** [CMakeFiles/navigation_services_provider_unit.dir/build.make:76: CMakeFiles/navigation_services_provider_unit.dir/src/navigation_services_provider_unit.cpp.o] Error 1
[9.887s] gmake[1]: *** [CMakeFiles/Makefile2:137: CMakeFiles/navigation_services_provider_unit.dir/all] Error 2
[9.888s] gmake: *** [Makefile:146: all] Error 2
[9.891s] Invoked command in '/home/denis/diploma_ws/build/nspu' returned '2': CMAKE_PREFIX_PATH=/home/denis/diploma_ws/install/dms_interfaces:/home/denis/diploma_ws/install/turtlebot3_simulations:/home/denis/diploma_ws/install/turtlebot3_navigation2:/home/denis/diploma_ws/install/turtlebot3_gazebo:/home/denis/diploma_ws/install/turtlebot3_fake_node:/home/denis/diploma_ws/install/ssu:/home/denis/diploma_ws/install/nav2_bringup:/home/denis/diploma_ws/install/groot:/home/denis/diploma_ws/install/fsu:/home/denis/diploma_ws/install/csu:/home/denis/diploma_ws/install/bsu:/home/denis/diploma_ws/install/btcpp_ros2_samples:/home/denis/diploma_ws/install/btcpp_ros2_interfaces:/home/denis/diploma_ws/install/bt:/home/denis/diploma_ws/install/behaviortree_ros2:/home/denis/diploma_ws/install/behaviortree_cpp_v3:/home/denis/diploma_ws/install/behaviortree_cpp:/opt/ros/humble LD_LIBRARY_PATH=/home/denis/diploma_ws/install/dms_interfaces/lib:/home/denis/diploma_ws/install/groot/lib:/home/denis/diploma_ws/install/btcpp_ros2_interfaces/lib:/home/denis/diploma_ws/install/behaviortree_cpp_v3/lib:/home/denis/diploma_ws/install/behaviortree_cpp/lib:/usr/lib/x86_64-linux-gnu/gazebo-11/plugins:/opt/ros/humble/opt/rviz_ogre_vendor/lib:/opt/ros/humble/lib/x86_64-linux-gnu:/opt/ros/humble/lib /usr/bin/cmake --build /home/denis/diploma_ws/build/nspu -- -j4 -l4
