[0.086s] Invoking command in '/home/denis/diploma_ws/build/fsu': CMAKE_PREFIX_PATH=${CMAKE_PREFIX_PATH}:/opt/ros/humble /usr/bin/cmake --build /home/denis/diploma_ws/build/fsu -- -j4 -l4
[0.148s] -- Found ament_cmake: 1.3.8 (/opt/ros/humble/share/ament_cmake/cmake)
[0.482s] -- Found rclcpp: 16.0.8 (/opt/ros/humble/share/rclcpp/cmake)
[0.538s] -- Found rosidl_generator_c: 3.1.5 (/opt/ros/humble/share/rosidl_generator_c/cmake)
[0.543s] -- Found rosidl_adapter: 3.1.5 (/opt/ros/humble/share/rosidl_adapter/cmake)
[0.554s] -- Found rosidl_generator_cpp: 3.1.5 (/opt/ros/humble/share/rosidl_generator_cpp/cmake)
[0.573s] -- Using all available rosidl_typesupport_c: rosidl_typesupport_fastrtps_c;rosidl_typesupport_introspection_c
[0.600s] -- Using all available rosidl_typesupport_cpp: rosidl_typesupport_fastrtps_cpp;rosidl_typesupport_introspection_cpp
[0.699s] -- Found rmw_implementation_cmake: 6.1.1 (/opt/ros/humble/share/rmw_implementation_cmake/cmake)
[0.702s] -- Found rmw_cyclonedds_cpp: 1.3.4 (/opt/ros/humble/share/rmw_cyclonedds_cpp/cmake)
[0.755s] -- Using RMW implementation 'rmw_cyclonedds_cpp' as default
[1.016s] -- Found sensor_msgs: 4.2.3 (/opt/ros/humble/share/sensor_msgs/cmake)
[1.222s] -- Found nav_msgs: 4.2.3 (/opt/ros/humble/share/nav_msgs/cmake)
[1.367s] -- Found lifecycle_msgs: 1.2.1 (/opt/ros/humble/share/lifecycle_msgs/cmake)
[1.405s] -- Found ament_lint_auto: 0.12.10 (/opt/ros/humble/share/ament_lint_auto/cmake)
[1.512s] -- Added test 'copyright' to check source files copyright and LICENSE
[1.514s] -- Added test 'cppcheck' to perform static code analysis on C / C++ code
[1.515s] -- Configured cppcheck include dirs: $<BUILD_INTERFACE:/home/denis/diploma_ws/src/fsu/include>
[1.515s] -- Configured cppcheck exclude dirs and/or files: 
[1.517s] -- Added test 'cpplint' to check C / C++ code against the Google style
[1.517s] -- Configured cpplint exclude dirs and/or files: 
[1.518s] -- Added test 'flake8' to check Python code syntax and style conventions
[1.518s] -- Added test 'lint_cmake' to check CMake code style
[1.519s] -- Added test 'pep257' to check Python code against some of the docstring style conventions in PEP 257
[1.521s] -- Added test 'uncrustify' to check C / C++ code style
[1.521s] -- Configured uncrustify additional arguments: 
[1.522s] -- Added test 'xmllint' to check XML markup files
[1.523s] -- Configuring done
[1.544s] -- Generating done
[1.547s] -- Build files have been written to: /home/denis/diploma_ws/build/fsu
[1.604s] [ 50%] [32mBuilding CXX object CMakeFiles/lidar_remapping_node.dir/src/lidar_remapping_node.cpp.o[0m
[2.089s] [01m[K/home/denis/diploma_ws/src/fsu/src/lidar_remapping_node.cpp:10:10:[m[K [01;31m[Kfatal error: [m[Krclcpp_lifecycle/lifecycle_node.hpp: No such file or directory
[2.089s]    10 | #include [01;31m[K"rclcpp_lifecycle/lifecycle_node.hpp"[m[K
[2.090s]       |          [01;31m[K^~~~~~~~~~~~~~~~~~~~~~~~~~~~~~~~~~~~~[m[K
[2.090s] compilation terminated.
[2.095s] gmake[2]: *** [CMakeFiles/lidar_remapping_node.dir/build.make:76: CMakeFiles/lidar_remapping_node.dir/src/lidar_remapping_node.cpp.o] Error 1
[2.095s] gmake[1]: *** [CMakeFiles/Makefile2:137: CMakeFiles/lidar_remapping_node.dir/all] Error 2
[2.095s] gmake: *** [Makefile:146: all] Error 2
[2.098s] Invoked command in '/home/denis/diploma_ws/build/fsu' returned '2': CMAKE_PREFIX_PATH=${CMAKE_PREFIX_PATH}:/opt/ros/humble /usr/bin/cmake --build /home/denis/diploma_ws/build/fsu -- -j4 -l4
