In file included from [01m[K/home/denis/diploma_ws/src/nspu/src/navigation_services_provider_unit.cpp:1[m[K:
[01m[K/home/denis/diploma_ws/src/nspu/include/nspu/navigation_services_provider_unit.hpp:8:2:[m[K [01;31m[Kerror: [m[Kinvalid preprocessing directive #inlcude; did you mean #include?
    8 | #[01;31m[Kinlcude[m[K "nav_msgs/msg/path.hpp"
      |  [01;31m[K^~~~~~~[m[K
      |  [32m[Kinclude[m[K
In file included from [01m[K/home/denis/diploma_ws/src/nspu/src/navigation_services_provider_unit.cpp:1[m[K:
[01m[K/home/denis/diploma_ws/src/nspu/include/nspu/navigation_services_provider_unit.hpp:20:28:[m[K [01;31m[Kerror: [m[Kâ€˜[01m[Knav_msgs[m[Kâ€™ does not name a type
   20 |         void path_cb(const [01;31m[Knav_msgs[m[K::msg::Path::SharedPtr msg);
      |                            [01;31m[K^~~~~~~~[m[K
[01m[K/home/denis/diploma_ws/src/nspu/include/nspu/navigation_services_provider_unit.hpp:20:41:[m[K [01;31m[Kerror: [m[Kexpected unqualified-id before â€˜[01m[K::[m[Kâ€™ token
   20 |         void path_cb(const nav_msgs::msg[01;31m[K::[m[KPath::SharedPtr msg);
      |                                         [01;31m[K^~[m[K
[01m[K/home/denis/diploma_ws/src/nspu/include/nspu/navigation_services_provider_unit.hpp:20:41:[m[K [01;31m[Kerror: [m[Kexpected â€˜[01m[K)[m[Kâ€™ before â€˜[01m[K::[m[Kâ€™ token
   20 |         void path_cb[34m[K([m[Kconst nav_msgs::msg[01;31m[K:[m[K[32m[K:[m[KPath::SharedPtr msg);
      |                     [34m[K~[m[K                   [01;31m[K^[m[K[32m[K~[m[K
      |                                         [32m[K)[m[K
[01m[K/home/denis/diploma_ws/src/nspu/include/nspu/navigation_services_provider_unit.hpp:20:38:[m[K [01;31m[Kerror: [m[Kexpected â€˜[01m[K;[m[Kâ€™ at end of member declaration
   20 |         void path_cb(const nav_msgs::[01;31m[Kmsg[m[K::Path::SharedPtr msg);
      |                                      [01;31m[K^~~[m[K
      |                                         [32m[K;[m[K
[01m[K/home/denis/diploma_ws/src/nspu/include/nspu/navigation_services_provider_unit.hpp:20:43:[m[K [01;31m[Kerror: [m[Kâ€˜[01m[KPath[m[Kâ€™ in namespace â€˜[01m[K::[m[Kâ€™ does not name a type
   20 |         void path_cb(const nav_msgs::msg::[01;31m[KPath[m[K::SharedPtr msg);
      |                                           [01;31m[K^~~~[m[K
[01m[K/home/denis/diploma_ws/src/nspu/include/nspu/navigation_services_provider_unit.hpp:26:30:[m[K [01;31m[Kerror: [m[Kâ€˜[01m[Knav_msgs[m[Kâ€™ was not declared in this scope
   26 |         rclcpp::Subscription<[01;31m[Knav_msgs[m[K::msg::Path>::SharedPtr path_sub;
      |                              [01;31m[K^~~~~~~~[m[K
[01m[K/home/denis/diploma_ws/src/nspu/include/nspu/navigation_services_provider_unit.hpp:26:49:[m[K [01;31m[Kerror: [m[Ktemplate argument 1 is invalid
   26 |         rclcpp::Subscription<nav_msgs::msg::Path[01;31m[K>[m[K::SharedPtr path_sub;
      |                                                 [01;31m[K^[m[K
[01m[K/home/denis/diploma_ws/src/nspu/include/nspu/navigation_services_provider_unit.hpp:26:49:[m[K [01;31m[Kerror: [m[Ktemplate argument 3 is invalid
[01m[K/home/denis/diploma_ws/src/nspu/include/nspu/navigation_services_provider_unit.hpp:26:49:[m[K [01;31m[Kerror: [m[Ktemplate argument 4 is invalid
[01m[K/home/denis/diploma_ws/src/nspu/include/nspu/navigation_services_provider_unit.hpp:26:49:[m[K [01;31m[Kerror: [m[Ktemplate argument 5 is invalid
[01m[K/home/denis/diploma_ws/src/nspu/include/nspu/navigation_services_provider_unit.hpp:26:52:[m[K [01;31m[Kerror: [m[Kexpected â€˜[01m[K;[m[Kâ€™ at end of member declaration
   26 |         rclcpp::Subscription<nav_msgs::msg::Path>::[01;31m[KSharedPtr[m[K path_sub;
      |                                                    [01;31m[K^~~~~~~~~[m[K
      |                                                             [32m[K;[m[K
[01m[K/home/denis/diploma_ws/src/nspu/include/nspu/navigation_services_provider_unit.hpp:26:62:[m[K [01;31m[Kerror: [m[Kâ€˜[01m[Kpath_sub[m[Kâ€™ does not name a type
   26 |         rclcpp::Subscription<nav_msgs::msg::Path>::SharedPtr [01;31m[Kpath_sub[m[K;
      |                                                              [01;31m[K^~~~~~~~[m[K
[01m[K/home/denis/diploma_ws/src/nspu/include/nspu/navigation_services_provider_unit.hpp:13:1:[m[K [01;31m[Kerror: [m[Knew types may not be defined in a return type
   13 | [01;31m[Kclass[m[K NavigationServicesProviderUnit : public rclcpp::Node
      | [01;31m[K^~~~~[m[K
[01m[K/home/denis/diploma_ws/src/nspu/include/nspu/navigation_services_provider_unit.hpp:13:1:[m[K [01;36m[Knote: [m[K(perhaps a semicolon is missing after the definition of â€˜[01m[KNavigationServicesProviderUnit[m[Kâ€™)
[01m[K/home/denis/diploma_ws/src/nspu/include/nspu/navigation_services_provider_unit.hpp:13:1:[m[K [01;31m[Kerror: [m[Kreturn type specification for constructor invalid
[01m[K/home/denis/diploma_ws/src/nspu/src/navigation_services_provider_unit.cpp:[m[K In constructor â€˜[01m[KNavigationServicesProviderUnit::NavigationServicesProviderUnit(const string&)[m[Kâ€™:
[01m[K/home/denis/diploma_ws/src/nspu/src/navigation_services_provider_unit.cpp:15:5:[m[K [01;31m[Kerror: [m[Kâ€˜[01m[Kpath_sub[m[Kâ€™ was not declared in this scope; did you mean â€˜[01m[Kpath_cb[m[Kâ€™?
   15 |     [01;31m[Kpath_sub[m[K = this->create_subscription<nav_msgs::msg::Path>(
      |     [01;31m[K^~~~~~~~[m[K
      |     [32m[Kpath_cb[m[K
[01m[K/home/denis/diploma_ws/src/nspu/src/navigation_services_provider_unit.cpp:15:42:[m[K [01;31m[Kerror: [m[Kâ€˜[01m[Knav_msgs[m[Kâ€™ was not declared in this scope
   15 |     path_sub = this->create_subscription<[01;31m[Knav_msgs[m[K::msg::Path>(
      |                                          [01;31m[K^~~~~~~~[m[K
[01m[K/home/denis/diploma_ws/src/nspu/src/navigation_services_provider_unit.cpp:15:22:[m[K [01;31m[Kerror: [m[Kparse error in template argument list
   15 |     path_sub = this->[01;31m[Kcreate_subscription<nav_msgs::msg::Path>[m[K(
      |                      [01;31m[K^~~~~~~~~~~~~~~~~~~~~~~~~~~~~~~~~~~~~~~~[m[K
[01m[K/home/denis/diploma_ws/src/nspu/src/navigation_services_provider_unit.cpp:15:62:[m[K [01;31m[Kerror: [m[Kno matching function for call to â€˜[01m[KNavigationServicesProviderUnit::create_subscription<<expression error> >(const char [5], int, std::_Bind_helper<false, void (NavigationServicesProviderUnit::*)(...), NavigationServicesProviderUnit*, const std::_Placeholder<1>&>::type)[m[Kâ€™
   15 |     path_sub = [01;31m[Kthis->create_subscription<nav_msgs::msg::Path>([m[K
      |                [01;31m[K~~~~~~~~~~~~~~~~~~~~~~~~~~~~~~~~~~~~~~~~~~~~~~^[m[K
   16 | [01;31m[K        "plan",[m[K
      |         [01;31m[K~~~~~~~[m[K                                               
   17 | [01;31m[K        1,[m[K
      |         [01;31m[K~~[m[K                                                    
   18 | [01;31m[K        std::bind(&NavigationServicesProviderUnit::path_cb,[m[K
      |         [01;31m[K~~~~~~~~~~~~~~~~~~~~~~~~~~~~~~~~~~~~~~~~~~~~~~~~~~~[m[K   
   19 | [01;31m[K            this,[m[K
      |             [01;31m[K~~~~~[m[K                                             
   20 | [01;31m[K            std::placeholders::_1))[m[K;
      |             [01;31m[K~~~~~~~~~~~~~~~~~~~~~~~[m[K                           
In file included from [01m[K/opt/ros/humble/include/rclcpp/rclcpp/executors/single_threaded_executor.hpp:28[m[K,
                 from [01m[K/opt/ros/humble/include/rclcpp/rclcpp/executors.hpp:22[m[K,
                 from [01m[K/opt/ros/humble/include/rclcpp/rclcpp/rclcpp.hpp:155[m[K,
                 from [01m[K/home/denis/diploma_ws/src/nspu/include/nspu/navigation_services_provider_unit.hpp:4[m[K,
                 from [01m[K/home/denis/diploma_ws/src/nspu/src/navigation_services_provider_unit.cpp:1[m[K:
[01m[K/opt/ros/humble/include/rclcpp/rclcpp/node.hpp:219:3:[m[K [01;36m[Knote: [m[Kcandidate: â€˜[01m[Ktemplate<class MessageT, class CallbackT, class AllocatorT, class SubscriptionT, class MessageMemoryStrategyT> std::shared_ptr<ROSMessageT> rclcpp::Node::create_subscription(const string&, const rclcpp::QoS&, CallbackT&&, const rclcpp::SubscriptionOptionsWithAllocator<AllocatorT>&, typename MessageMemoryStrategyT::SharedPtr)[m[Kâ€™
  219 |   [01;36m[Kcreate_subscription[m[K(
      |   [01;36m[K^~~~~~~~~~~~~~~~~~~[m[K
[01m[K/opt/ros/humble/include/rclcpp/rclcpp/node.hpp:219:3:[m[K [01;36m[Knote: [m[K  template argument deduction/substitution failed:
[01m[K/home/denis/diploma_ws/src/nspu/src/navigation_services_provider_unit.cpp:15:62:[m[K [01;31m[Kerror: [m[Ktemplate argument 1 is invalid
   15 |     path_sub = [01;31m[Kthis->create_subscription<nav_msgs::msg::Path>([m[K
      |                [01;31m[K~~~~~~~~~~~~~~~~~~~~~~~~~~~~~~~~~~~~~~~~~~~~~~^[m[K
   16 | [01;31m[K        "plan",[m[K
      |         [01;31m[K~~~~~~~[m[K                                               
   17 | [01;31m[K        1,[m[K
      |         [01;31m[K~~[m[K                                                    
   18 | [01;31m[K        std::bind(&NavigationServicesProviderUnit::path_cb,[m[K
      |         [01;31m[K~~~~~~~~~~~~~~~~~~~~~~~~~~~~~~~~~~~~~~~~~~~~~~~~~~~[m[K   
   19 | [01;31m[K            this,[m[K
      |             [01;31m[K~~~~~[m[K                                             
   20 | [01;31m[K            std::placeholders::_1))[m[K;
      |             [01;31m[K~~~~~~~~~~~~~~~~~~~~~~~[m[K                           
[01m[K/home/denis/diploma_ws/src/nspu/src/navigation_services_provider_unit.cpp:[m[K At global scope:
[01m[K/home/denis/diploma_ws/src/nspu/src/navigation_services_provider_unit.cpp:32:52:[m[K [01;31m[Kerror: [m[Kâ€˜[01m[Knav_msgs[m[Kâ€™ does not name a type
   32 | void NavigationServicesProviderUnit::path_cb(const [01;31m[Knav_msgs[m[K::msg::Path::SharedPtr msg)
      |                                                    [01;31m[K^~~~~~~~[m[K
[01m[K/home/denis/diploma_ws/src/nspu/src/navigation_services_provider_unit.cpp:32:65:[m[K [01;31m[Kerror: [m[Kexpected unqualified-id before â€˜[01m[K::[m[Kâ€™ token
   32 | void NavigationServicesProviderUnit::path_cb(const nav_msgs::msg[01;31m[K::[m[KPath::SharedPtr msg)
      |                                                                 [01;31m[K^~[m[K
[01m[K/home/denis/diploma_ws/src/nspu/src/navigation_services_provider_unit.cpp:32:65:[m[K [01;31m[Kerror: [m[Kexpected â€˜[01m[K)[m[Kâ€™ before â€˜[01m[K::[m[Kâ€™ token
   32 | void NavigationServicesProviderUnit::path_cb[34m[K([m[Kconst nav_msgs::msg[01;31m[K:[m[K[32m[K:[m[KPath::SharedPtr msg)
      |                                             [34m[K~[m[K                   [01;31m[K^[m[K[32m[K~[m[K
      |                                                                 [32m[K)[m[K
[01m[K/home/denis/diploma_ws/src/nspu/src/navigation_services_provider_unit.cpp:32:65:[m[K [01;31m[Kerror: [m[Kexpected initializer before â€˜[01m[K::[m[Kâ€™ token
   32 | void NavigationServicesProviderUnit::path_cb(const nav_msgs::msg[01;31m[K::[m[KPath::SharedPtr msg)
      |                                                                 [01;31m[K^~[m[K
[01m[K/home/denis/diploma_ws/src/nspu/src/navigation_services_provider_unit.cpp:[m[K In member function â€˜[01m[Kvoid NavigationServicesProviderUnit::get_goal_distance_srv_cb(dms_interfaces::srv::GetGoalDistance_Request_<std::allocator<void> >::SharedPtr, dms_interfaces::srv::GetGoalDistance_Response_<std::allocator<void> >::SharedPtr)[m[Kâ€™:
[01m[K/home/denis/diploma_ws/src/nspu/src/navigation_services_provider_unit.cpp:47:67:[m[K [01;35m[Kwarning: [m[Kunused parameter â€˜[01m[Krequest[m[Kâ€™ [[01;35m[K]8;;https://gcc.gnu.org/onlinedocs/gcc/Warning-Options.html#index-Wunused-parameter-Wunused-parameter]8;;[m[K]
   47 |     [01;35m[Kconst dms_interfaces::srv::GetGoalDistance_Request::SharedPtr request[m[K,
      |     [01;35m[K~~~~~~~~~~~~~~~~~~~~~~~~~~~~~~~~~~~~~~~~~~~~~~~~~~~~~~~~~~~~~~^~~~~~~[m[K
gmake[2]: *** [CMakeFiles/navigation_services_provider_unit.dir/build.make:76: CMakeFiles/navigation_services_provider_unit.dir/src/navigation_services_provider_unit.cpp.o] Error 1
gmake[1]: *** [CMakeFiles/Makefile2:137: CMakeFiles/navigation_services_provider_unit.dir/all] Error 2
gmake: *** [Makefile:146: all] Error 2
