[0.047s] Invoking command in '/home/denis/diploma_ws/build/fsu': CMAKE_PREFIX_PATH=/opt/ros/humble /usr/bin/cmake --build /home/denis/diploma_ws/build/fsu -- -j4 -l4
[0.226s] -- Found ament_cmake: 1.3.8 (/opt/ros/humble/share/ament_cmake/cmake)
[0.617s] -- Found rclcpp: 16.0.8 (/opt/ros/humble/share/rclcpp/cmake)
[0.707s] -- Found rosidl_generator_c: 3.1.5 (/opt/ros/humble/share/rosidl_generator_c/cmake)
[0.717s] -- Found rosidl_adapter: 3.1.5 (/opt/ros/humble/share/rosidl_adapter/cmake)
[0.739s] -- Found rosidl_generator_cpp: 3.1.5 (/opt/ros/humble/share/rosidl_generator_cpp/cmake)
[0.781s] -- Using all available rosidl_typesupport_c: rosidl_typesupport_fastrtps_c;rosidl_typesupport_introspection_c
[0.842s] -- Using all available rosidl_typesupport_cpp: rosidl_typesupport_fastrtps_cpp;rosidl_typesupport_introspection_cpp
[1.063s] -- Found rmw_implementation_cmake: 6.1.1 (/opt/ros/humble/share/rmw_implementation_cmake/cmake)
[1.063s] -- Found rmw_cyclonedds_cpp: 1.3.4 (/opt/ros/humble/share/rmw_cyclonedds_cpp/cmake)
[1.140s] -- Using RMW implementation 'rmw_cyclonedds_cpp' as default
[1.713s] -- Found sensor_msgs: 4.2.3 (/opt/ros/humble/share/sensor_msgs/cmake)
[2.072s] -- Found nav_msgs: 4.2.3 (/opt/ros/humble/share/nav_msgs/cmake)
[2.247s] -- Found ament_lint_auto: 0.12.10 (/opt/ros/humble/share/ament_lint_auto/cmake)
[2.372s] -- Added test 'copyright' to check source files copyright and LICENSE
[2.374s] -- Added test 'cppcheck' to perform static code analysis on C / C++ code
[2.374s] -- Configured cppcheck include dirs: $<BUILD_INTERFACE:/home/denis/diploma_ws/src/fsu/include>
[2.375s] -- Configured cppcheck exclude dirs and/or files: 
[2.377s] -- Added test 'cpplint' to check C / C++ code against the Google style
[2.377s] -- Configured cpplint exclude dirs and/or files: 
[2.378s] -- Added test 'flake8' to check Python code syntax and style conventions
[2.379s] -- Added test 'lint_cmake' to check CMake code style
[2.380s] -- Added test 'pep257' to check Python code against some of the docstring style conventions in PEP 257
[2.381s] -- Added test 'uncrustify' to check C / C++ code style
[2.381s] -- Configured uncrustify additional arguments: 
[2.382s] -- Added test 'xmllint' to check XML markup files
[2.384s] -- Configuring done
[2.415s] -- Generating done
[2.418s] -- Build files have been written to: /home/denis/diploma_ws/build/fsu
[2.460s] [35m[1mConsolidate compiler generated dependencies of target imu_remapping_node[0m
[2.465s] [35m[1mConsolidate compiler generated dependencies of target lidar_remapping_node[0m
[2.488s] [ 16%] [32mBuilding CXX object CMakeFiles/odom_remapping_node.dir/src/odom_remapping_node.cpp.o[0m
[2.498s] [ 33%] [32mBuilding CXX object CMakeFiles/lidar_remapping_node.dir/src/lidar_remapping_node.cpp.o[0m
[2.502s] [ 66%] Built target imu_remapping_node
[2.969s] [01m[K/home/denis/diploma_ws/src/fsu/src/odom_remapping_node.cpp:8:10:[m[K [01;31m[Kfatal error: [m[Knav_msgs/msg/odometry.hpp: No such file or directory
[2.969s]     8 | #include [01;31m[K"nav_msgs/msg/odometry.hpp"[m[K
[2.969s]       |          [01;31m[K^~~~~~~~~~~~~~~~~~~~~~~~~~~[m[K
[2.969s] compilation terminated.
[2.973s] gmake[2]: *** [CMakeFiles/odom_remapping_node.dir/build.make:76: CMakeFiles/odom_remapping_node.dir/src/odom_remapping_node.cpp.o] Error 1
[2.974s] gmake[1]: *** [CMakeFiles/Makefile2:193: CMakeFiles/odom_remapping_node.dir/all] Error 2
[2.974s] gmake[1]: *** Waiting for unfinished jobs....
[15.084s] [ 83%] [32m[1mLinking CXX executable lidar_remapping_node[0m
[15.741s] [ 83%] Built target lidar_remapping_node
[15.743s] gmake: *** [Makefile:146: all] Error 2
[15.746s] Invoked command in '/home/denis/diploma_ws/build/fsu' returned '2': CMAKE_PREFIX_PATH=/opt/ros/humble /usr/bin/cmake --build /home/denis/diploma_ws/build/fsu -- -j4 -l4
