[0.020s] Invoking command in '/home/denis/diploma_ws/build/bsu': AMENT_PREFIX_PATH=/home/denis/diploma_ws/install/dms_interfaces:${AMENT_PREFIX_PATH} CMAKE_PREFIX_PATH=/home/denis/diploma_ws/install/dms_interfaces:/opt/ros/humble LD_LIBRARY_PATH=/home/denis/diploma_ws/install/dms_interfaces/lib:${LD_LIBRARY_PATH} PYTHONPATH=/home/denis/diploma_ws/install/dms_interfaces/local/lib/python3.10/dist-packages:${PYTHONPATH} /usr/bin/cmake /home/denis/diploma_ws/src/bsu -DCMAKE_INSTALL_PREFIX=/home/denis/diploma_ws/install/bsu
[0.170s] -- The C compiler identification is GNU 11.4.0
[0.329s] -- The CXX compiler identification is GNU 11.4.0
[0.349s] -- Detecting C compiler ABI info
[0.502s] -- Detecting C compiler ABI info - done
[0.519s] -- Check for working C compiler: /usr/bin/cc - skipped
[0.520s] -- Detecting C compile features
[0.522s] -- Detecting C compile features - done
[0.527s] -- Detecting CXX compiler ABI info
[0.718s] -- Detecting CXX compiler ABI info - done
[0.740s] -- Check for working CXX compiler: /usr/bin/c++ - skipped
[0.740s] -- Detecting CXX compile features
[0.742s] -- Detecting CXX compile features - done
[0.754s] -- Found ament_cmake: 1.3.8 (/opt/ros/humble/share/ament_cmake/cmake)
[1.150s] -- Found Python3: /usr/bin/python3 (found version "3.10.12") found components: Interpreter 
[1.341s] -- Found rclcpp: 16.0.8 (/opt/ros/humble/share/rclcpp/cmake)
[1.452s] -- Found rosidl_generator_c: 3.1.5 (/opt/ros/humble/share/rosidl_generator_c/cmake)
[1.467s] -- Found rosidl_adapter: 3.1.5 (/opt/ros/humble/share/rosidl_adapter/cmake)
[1.490s] -- Found rosidl_generator_cpp: 3.1.5 (/opt/ros/humble/share/rosidl_generator_cpp/cmake)
[1.530s] -- Using all available rosidl_typesupport_c: rosidl_typesupport_fastrtps_c;rosidl_typesupport_introspection_c
[1.591s] -- Using all available rosidl_typesupport_cpp: rosidl_typesupport_fastrtps_cpp;rosidl_typesupport_introspection_cpp
[1.798s] -- Found rmw_implementation_cmake: 6.1.1 (/opt/ros/humble/share/rmw_implementation_cmake/cmake)
[1.805s] -- Found rmw_fastrtps_cpp: 6.2.6 (/opt/ros/humble/share/rmw_fastrtps_cpp/cmake)
[2.074s] -- Found OpenSSL: /usr/lib/x86_64-linux-gnu/libcrypto.so (found version "3.0.2")  
[2.128s] -- Found FastRTPS: /opt/ros/humble/include  
[2.243s] -- Using RMW implementation 'rmw_fastrtps_cpp' as default
[2.271s] -- Looking for pthread.h
[2.513s] -- Looking for pthread.h - found
[2.514s] -- Performing Test CMAKE_HAVE_LIBC_PTHREAD
[2.867s] -- Performing Test CMAKE_HAVE_LIBC_PTHREAD - Success
[2.870s] -- Found Threads: TRUE  
[3.288s] -- Found geometry_msgs: 4.2.3 (/opt/ros/humble/share/geometry_msgs/cmake)
[3.511s] -- Found dms_interfaces: 0.0.0 (/home/denis/diploma_ws/install/dms_interfaces/share/dms_interfaces/cmake)
[3.767s] -- Found ament_lint_auto: 0.12.10 (/opt/ros/humble/share/ament_lint_auto/cmake)
[3.916s] -- Added test 'cppcheck' to perform static code analysis on C / C++ code
[3.917s] -- Configured cppcheck include dirs: /home/denis/diploma_ws/src/bsu/include/bsu;$<BUILD_INTERFACE:/home/denis/diploma_ws/src/bsu/include>
[3.917s] -- Configured cppcheck exclude dirs and/or files: 
[3.918s] -- Added test 'flake8' to check Python code syntax and style conventions
[3.919s] -- Added test 'lint_cmake' to check CMake code style
[3.920s] -- Added test 'pep257' to check Python code against some of the docstring style conventions in PEP 257
[3.923s] -- Added test 'uncrustify' to check C / C++ code style
[3.923s] -- Configured uncrustify additional arguments: 
[3.924s] -- Added test 'xmllint' to check XML markup files
[3.926s] -- Configuring done
[3.949s] -- Generating done
[3.952s] -- Build files have been written to: /home/denis/diploma_ws/build/bsu
[3.972s] Invoked command in '/home/denis/diploma_ws/build/bsu' returned '0': AMENT_PREFIX_PATH=/home/denis/diploma_ws/install/dms_interfaces:${AMENT_PREFIX_PATH} CMAKE_PREFIX_PATH=/home/denis/diploma_ws/install/dms_interfaces:/opt/ros/humble LD_LIBRARY_PATH=/home/denis/diploma_ws/install/dms_interfaces/lib:${LD_LIBRARY_PATH} PYTHONPATH=/home/denis/diploma_ws/install/dms_interfaces/local/lib/python3.10/dist-packages:${PYTHONPATH} /usr/bin/cmake /home/denis/diploma_ws/src/bsu -DCMAKE_INSTALL_PREFIX=/home/denis/diploma_ws/install/bsu
[3.973s] Invoking command in '/home/denis/diploma_ws/build/bsu': AMENT_PREFIX_PATH=/home/denis/diploma_ws/install/dms_interfaces:${AMENT_PREFIX_PATH} CMAKE_PREFIX_PATH=/home/denis/diploma_ws/install/dms_interfaces:/opt/ros/humble LD_LIBRARY_PATH=/home/denis/diploma_ws/install/dms_interfaces/lib:${LD_LIBRARY_PATH} PYTHONPATH=/home/denis/diploma_ws/install/dms_interfaces/local/lib/python3.10/dist-packages:${PYTHONPATH} /usr/bin/cmake --build /home/denis/diploma_ws/build/bsu -- -j4 -l4
[4.067s] [ 50%] [32mBuilding CXX object CMakeFiles/battery_simulation_unit.dir/src/battery_simulation_unit.cpp.o[0m
[4.726s] In file included from [01m[K/home/denis/diploma_ws/src/bsu/src/battery_simulation_unit.cpp:1[m[K:
[4.727s] [01m[K/home/denis/diploma_ws/src/bsu/include/bsu/battery_simulation_unit.hpp:8:10:[m[K [01;31m[Kfatal error: [m[Kdms_interfaces/srv/GetBatteryLevel.hpp: No such file or directory
[4.727s]     8 | #include [01;31m[K"dms_interfaces/srv/GetBatteryLevel.hpp"[m[K
[4.727s]       |          [01;31m[K^~~~~~~~~~~~~~~~~~~~~~~~~~~~~~~~~~~~~~~~[m[K
[4.727s] compilation terminated.
[4.733s] gmake[2]: *** [CMakeFiles/battery_simulation_unit.dir/build.make:76: CMakeFiles/battery_simulation_unit.dir/src/battery_simulation_unit.cpp.o] Error 1
[4.734s] gmake[1]: *** [CMakeFiles/Makefile2:137: CMakeFiles/battery_simulation_unit.dir/all] Error 2
[4.735s] gmake: *** [Makefile:146: all] Error 2
[4.739s] Invoked command in '/home/denis/diploma_ws/build/bsu' returned '2': AMENT_PREFIX_PATH=/home/denis/diploma_ws/install/dms_interfaces:${AMENT_PREFIX_PATH} CMAKE_PREFIX_PATH=/home/denis/diploma_ws/install/dms_interfaces:/opt/ros/humble LD_LIBRARY_PATH=/home/denis/diploma_ws/install/dms_interfaces/lib:${LD_LIBRARY_PATH} PYTHONPATH=/home/denis/diploma_ws/install/dms_interfaces/local/lib/python3.10/dist-packages:${PYTHONPATH} /usr/bin/cmake --build /home/denis/diploma_ws/build/bsu -- -j4 -l4
