[0.079s] Invoking command in '/home/denis/diploma_ws/build/fsu': CMAKE_PREFIX_PATH=${CMAKE_PREFIX_PATH}:/opt/ros/humble /usr/bin/cmake --build /home/denis/diploma_ws/build/fsu -- -j4 -l4
[0.143s] -- Found ament_cmake: 1.3.8 (/opt/ros/humble/share/ament_cmake/cmake)
[0.477s] -- Found rclcpp: 16.0.8 (/opt/ros/humble/share/rclcpp/cmake)
[0.605s] -- Found rosidl_generator_c: 3.1.5 (/opt/ros/humble/share/rosidl_generator_c/cmake)
[0.619s] -- Found rosidl_adapter: 3.1.5 (/opt/ros/humble/share/rosidl_adapter/cmake)
[0.642s] -- Found rosidl_generator_cpp: 3.1.5 (/opt/ros/humble/share/rosidl_generator_cpp/cmake)
[0.682s] -- Using all available rosidl_typesupport_c: rosidl_typesupport_fastrtps_c;rosidl_typesupport_introspection_c
[0.729s] -- Using all available rosidl_typesupport_cpp: rosidl_typesupport_fastrtps_cpp;rosidl_typesupport_introspection_cpp
[0.887s] -- Found rmw_implementation_cmake: 6.1.1 (/opt/ros/humble/share/rmw_implementation_cmake/cmake)
[0.895s] -- Found rmw_cyclonedds_cpp: 1.3.4 (/opt/ros/humble/share/rmw_cyclonedds_cpp/cmake)
[0.970s] -- Using RMW implementation 'rmw_cyclonedds_cpp' as default
[0.997s] -- Looking for pthread.h
[1.117s] -- Looking for pthread.h - found
[1.118s] -- Performing Test CMAKE_HAVE_LIBC_PTHREAD
[1.240s] -- Performing Test CMAKE_HAVE_LIBC_PTHREAD - Success
[1.242s] -- Found Threads: TRUE  
[1.552s] -- Found sensor_msgs: 4.2.3 (/opt/ros/humble/share/sensor_msgs/cmake)
[1.780s] -- Found nav_msgs: 4.2.3 (/opt/ros/humble/share/nav_msgs/cmake)
[1.963s] -- Found ament_lint_auto: 0.12.10 (/opt/ros/humble/share/ament_lint_auto/cmake)
[2.089s] -- Added test 'copyright' to check source files copyright and LICENSE
[2.092s] -- Added test 'cppcheck' to perform static code analysis on C / C++ code
[2.093s] -- Configured cppcheck include dirs: $<BUILD_INTERFACE:/home/denis/diploma_ws/src/fsu/include>
[2.093s] -- Configured cppcheck exclude dirs and/or files: 
[2.095s] -- Added test 'cpplint' to check C / C++ code against the Google style
[2.095s] -- Configured cpplint exclude dirs and/or files: 
[2.096s] -- Added test 'flake8' to check Python code syntax and style conventions
[2.098s] -- Added test 'lint_cmake' to check CMake code style
[2.098s] -- Added test 'pep257' to check Python code against some of the docstring style conventions in PEP 257
[2.101s] -- Added test 'uncrustify' to check C / C++ code style
[2.101s] -- Configured uncrustify additional arguments: 
[2.102s] -- Added test 'xmllint' to check XML markup files
[2.105s] -- Configuring done
[2.123s] -- Generating done
[2.126s] -- Build files have been written to: /home/denis/diploma_ws/build/fsu
[2.182s] [ 50%] [32mBuilding CXX object CMakeFiles/lidar_remapping_node.dir/src/lidar_remapping_node.cpp.o[0m
[2.685s] [01m[K/home/denis/diploma_ws/src/fsu/src/lidar_remapping_node.cpp:8:10:[m[K [01;31m[Kfatal error: [m[Klifecycle_msgs/msg/transition.hpp: No such file or directory
[2.685s]     8 | #include [01;31m[K"lifecycle_msgs/msg/transition.hpp"[m[K
[2.685s]       |          [01;31m[K^~~~~~~~~~~~~~~~~~~~~~~~~~~~~~~~~~~[m[K
[2.685s] compilation terminated.
[2.689s] gmake[2]: *** [CMakeFiles/lidar_remapping_node.dir/build.make:76: CMakeFiles/lidar_remapping_node.dir/src/lidar_remapping_node.cpp.o] Error 1
[2.690s] gmake[1]: *** [CMakeFiles/Makefile2:137: CMakeFiles/lidar_remapping_node.dir/all] Error 2
[2.690s] gmake: *** [Makefile:146: all] Error 2
[2.693s] Invoked command in '/home/denis/diploma_ws/build/fsu' returned '2': CMAKE_PREFIX_PATH=${CMAKE_PREFIX_PATH}:/opt/ros/humble /usr/bin/cmake --build /home/denis/diploma_ws/build/fsu -- -j4 -l4
