-- Found ament_cmake: 1.3.8 (/opt/ros/humble/share/ament_cmake/cmake)
-- Found rclcpp: 16.0.8 (/opt/ros/humble/share/rclcpp/cmake)
-- Found rosidl_generator_c: 3.1.5 (/opt/ros/humble/share/rosidl_generator_c/cmake)
-- Found rosidl_adapter: 3.1.5 (/opt/ros/humble/share/rosidl_adapter/cmake)
-- Found rosidl_generator_cpp: 3.1.5 (/opt/ros/humble/share/rosidl_generator_cpp/cmake)
-- Using all available rosidl_typesupport_c: rosidl_typesupport_fastrtps_c;rosidl_typesupport_introspection_c
-- Using all available rosidl_typesupport_cpp: rosidl_typesupport_fastrtps_cpp;rosidl_typesupport_introspection_cpp
-- Found rmw_implementation_cmake: 6.1.1 (/opt/ros/humble/share/rmw_implementation_cmake/cmake)
-- Found rmw_fastrtps_cpp: 6.2.6 (/opt/ros/humble/share/rmw_fastrtps_cpp/cmake)
-- Found OpenSSL: /usr/lib/x86_64-linux-gnu/libcrypto.so (found version "3.0.2")  
-- Found FastRTPS: /opt/ros/humble/include  
-- Using RMW implementation 'rmw_fastrtps_cpp' as default
-- Looking for pthread.h
-- Looking for pthread.h - found
-- Performing Test CMAKE_HAVE_LIBC_PTHREAD
-- Performing Test CMAKE_HAVE_LIBC_PTHREAD - Success
-- Found Threads: TRUE  
-- Found geometry_msgs: 4.2.3 (/opt/ros/humble/share/geometry_msgs/cmake)
-- Found dms_interfaces: 0.0.0 (/home/denis/diploma_ws/install/dms_interfaces/share/dms_interfaces/cmake)
-- Found std_srvs: 4.2.3 (/opt/ros/humble/share/std_srvs/cmake)
-- Found ament_lint_auto: 0.12.10 (/opt/ros/humble/share/ament_lint_auto/cmake)
-- Added test 'cppcheck' to perform static code analysis on C / C++ code
-- Configured cppcheck include dirs: /home/denis/diploma_ws/src/csu/include/csu;$<BUILD_INTERFACE:/home/denis/diploma_ws/src/csu/include>
-- Configured cppcheck exclude dirs and/or files: 
-- Added test 'flake8' to check Python code syntax and style conventions
-- Added test 'lint_cmake' to check CMake code style
-- Added test 'pep257' to check Python code against some of the docstring style conventions in PEP 257
-- Added test 'uncrustify' to check C / C++ code style
-- Configured uncrustify additional arguments: 
-- Added test 'xmllint' to check XML markup files
-- Configuring done
-- Generating done
-- Build files have been written to: /home/denis/diploma_ws/build/csu
[ 50%] [32mBuilding CXX object CMakeFiles/control_switching_unit.dir/src/control_switching_unit.cpp.o[0m
[01m[K/home/denis/diploma_ws/src/csu/src/control_switching_unit.cpp:[m[K In member function â€˜[01m[Kvoid ControlSwitchingUnit::nav2_cmd_vel_cb(geometry_msgs::msg::Twist_<std::allocator<void> >::SharedPtr)[m[Kâ€™:
[01m[K/home/denis/diploma_ws/src/csu/src/control_switching_unit.cpp:71:38:[m[K [01;31m[Kerror: [m[Kâ€˜[01m[KMIN_SPEED[m[Kâ€™ was not declared in this scope
   71 |                 twist_msg.linear.x = [01;31m[KMIN_SPEED[m[K;
      |                                      [01;31m[K^~~~~~~~~[m[K
[01m[K/home/denis/diploma_ws/src/csu/src/control_switching_unit.cpp:73:39:[m[K [01;31m[Kerror: [m[Kâ€˜[01m[KMIN_SPEED[m[Kâ€™ was not declared in this scope
   73 |                 twist_msg.linear.x = -[01;31m[KMIN_SPEED[m[K;
      |                                       [01;31m[K^~~~~~~~~[m[K
[01m[K/home/denis/diploma_ws/src/csu/src/control_switching_unit.cpp:76:9:[m[K [01;35m[Kwarning: [m[Kthis â€˜[01m[Kelse[m[Kâ€™ clause does not guard... [[01;35m[K]8;;https://gcc.gnu.org/onlinedocs/gcc/Warning-Options.html#index-Wmisleading-indentation-Wmisleading-indentation]8;;[m[K]
   76 |         [01;35m[Kelse[m[K
      |         [01;35m[K^~~~[m[K
[01m[K/home/denis/diploma_ws/src/csu/src/control_switching_unit.cpp:78:13:[m[K [01;36m[Knote: [m[K...this statement, but the latter is misleadingly indented as if it were guarded by the â€˜[01m[Kelse[m[Kâ€™
   78 |             [01;36m[Ktwist_msg[m[K.angular.z = 0.0;
      |             [01;36m[K^~~~~~~~~[m[K
gmake[2]: *** [CMakeFiles/control_switching_unit.dir/build.make:76: CMakeFiles/control_switching_unit.dir/src/control_switching_unit.cpp.o] Error 1
gmake[1]: *** [CMakeFiles/Makefile2:137: CMakeFiles/control_switching_unit.dir/all] Error 2
gmake: *** [Makefile:146: all] Error 2
