[35m[1mConsolidate compiler generated dependencies of target lidar_bt_2[0m
[ 50%] [32mBuilding CXX object CMakeFiles/lidar_bt_2.dir/src/lidar_bt_2.cpp.o[0m
In file included from [01m[K/home/denis/diploma_ws/src/bt/src/lidar_bt_2.cpp:1[m[K:
[01m[K/home/denis/diploma_ws/src/bt/include/bt/lidar_check_2.hpp:44:30:[m[K [01;31m[Kerror: [m[Kâ€˜[01m[KServiceNodeErrorCode[m[Kâ€™ has not been declared
   44 |     BT::NodeStatus onFailure([01;31m[KServiceNodeErrorCode[m[K error) override
      |                              [01;31m[K^~~~~~~~~~~~~~~~~~~~[m[K
[01m[K/home/denis/diploma_ws/src/bt/include/bt/lidar_check_2.hpp:44:20:[m[K [01;31m[Kerror: [m[Kâ€˜[01m[KBT::NodeStatus LidarCheck::onFailure(int)[m[Kâ€™ marked â€˜[01m[Koverride[m[Kâ€™, but does not override
   44 |     BT::NodeStatus [01;31m[KonFailure[m[K(ServiceNodeErrorCode error) override
      |                    [01;31m[K^~~~~~~~~[m[K
[01m[K/home/denis/diploma_ws/src/bt/include/bt/lidar_check_2.hpp:[m[K In constructor â€˜[01m[KLidarCheck::LidarCheck(const string&, const BT::NodeConfig&, const BT::RosNodeParams&)[m[Kâ€™:
[01m[K/home/denis/diploma_ws/src/bt/include/bt/lidar_check_2.hpp:13:14:[m[K [01;35m[Kwarning: [m[Kunused variable â€˜[01m[Kis_lidar_up[m[Kâ€™ [[01;35m[K]8;;https://gcc.gnu.org/onlinedocs/gcc/Warning-Options.html#index-Wunused-variable-Wunused-variable]8;;[m[K]
   13 |         bool [01;35m[Kis_lidar_up[m[K = true;
      |              [01;35m[K^~~~~~~~~~~[m[K
[01m[K/home/denis/diploma_ws/src/bt/include/bt/lidar_check_2.hpp:[m[K In member function â€˜[01m[Kvirtual BT::NodeStatus LidarCheck::onResponseReceived(const SharedPtr&)[m[Kâ€™:
[01m[K/home/denis/diploma_ws/src/bt/include/bt/lidar_check_2.hpp:29:9:[m[K [01;31m[Kerror: [m[Kâ€˜[01m[Kis_lidar_up[m[Kâ€™ was not declared in this scope
   29 |         [01;31m[Kis_lidar_up[m[K = response->success;
      |         [01;31m[K^~~~~~~~~~~[m[K
[01m[K/home/denis/diploma_ws/src/bt/include/bt/lidar_check_2.hpp:31:9:[m[K [01;35m[Kwarning: [m[Kthis â€˜[01m[Kif[m[Kâ€™ clause does not guard... [[01;35m[K]8;;https://gcc.gnu.org/onlinedocs/gcc/Warning-Options.html#index-Wmisleading-indentation-Wmisleading-indentation]8;;[m[K]
   31 |         [01;35m[Kif[m[K (is_lidar_up)
      |         [01;35m[K^~[m[K
[01m[K/home/denis/diploma_ws/src/bt/include/bt/lidar_check_2.hpp:33:13:[m[K [01;36m[Knote: [m[K...this statement, but the latter is misleadingly indented as if it were guarded by the â€˜[01m[Kif[m[Kâ€™
   33 |             [01;36m[Kreturn[m[K BT::NodeStatus::SUCCESS;
      |             [01;36m[K^~~~~~[m[K
[01m[K/home/denis/diploma_ws/src/bt/include/bt/lidar_check_2.hpp:34:9:[m[K [01;31m[Kerror: [m[Kâ€˜[01m[Kelse[m[Kâ€™ without a previous â€˜[01m[Kif[m[Kâ€™
   34 |         [01;31m[Kelse[m[K
      |         [01;31m[K^~~~[m[K
[01m[K/home/denis/diploma_ws/src/bt/include/bt/lidar_check_2.hpp:[m[K In member function â€˜[01m[KBT::NodeStatus LidarCheck::onFailure(int)[m[Kâ€™:
[01m[K/home/denis/diploma_ws/src/bt/include/bt/lidar_check_2.hpp:47:16:[m[K [01;31m[Kerror: [m[Kâ€˜[01m[KNodeStatus[m[Kâ€™ has not been declared
   47 |         return [01;31m[KNodeStatus[m[K::FAILURE;
      |                [01;31m[K^~~~~~~~~~[m[K
[01m[K/home/denis/diploma_ws/src/bt/src/lidar_bt_2.cpp:[m[K In function â€˜[01m[Kint main(int, const char**)[m[Kâ€™:
[01m[K/home/denis/diploma_ws/src/bt/src/lidar_bt_2.cpp:7:29:[m[K [01;31m[Kerror: [m[Kexpected unqualified-id before â€˜[01m[K=[m[Kâ€™ token
    7 |     BT::BehaviorTreeFactory [01;31m[K=[m[K factory;
      |                             [01;31m[K^[m[K
[01m[K/home/denis/diploma_ws/src/bt/src/lidar_bt_2.cpp:14:17:[m[K [01;31m[Kerror: [m[Kâ€˜[01m[Knode[m[Kâ€™ was not declared in this scope
   14 |     params.nh = [01;31m[Knode[m[K;
      |                 [01;31m[K^~~~[m[K
[01m[K/home/denis/diploma_ws/src/bt/src/lidar_bt_2.cpp:16:5:[m[K [01;31m[Kerror: [m[Kâ€˜[01m[Kfactory[m[Kâ€™ was not declared in this scope
   16 |     [01;31m[Kfactory[m[K.registerNodeType<LidarCheck>("lidar_check", params);
      |     [01;31m[K^~~~~~~[m[K
[01m[K/home/denis/diploma_ws/src/bt/src/lidar_bt_2.cpp:16:40:[m[K [01;31m[Kerror: [m[Kexpected primary-expression before â€˜[01m[K>[m[Kâ€™ token
   16 |     factory.registerNodeType<LidarCheck[01;31m[K>[m[K("lidar_check", params);
      |                                        [01;31m[K^[m[K
[01m[K/home/denis/diploma_ws/src/bt/src/lidar_bt_2.cpp:16:42:[m[K [01;35m[Kwarning: [m[Kleft operand of comma operator has no effect [[01;35m[K]8;;https://gcc.gnu.org/onlinedocs/gcc/Warning-Options.html#index-Wunused-value-Wunused-value]8;;[m[K]
   16 |     factory.registerNodeType<LidarCheck>([01;35m[K"lidar_check"[m[K, params);
      |                                          [01;35m[K^~~~~~~~~~~~~[m[K
In file included from [01m[K/opt/ros/humble/include/rclcpp/rclcpp/logging.hpp:24[m[K,
                 from [01m[K/opt/ros/humble/include/rclcpp/rclcpp/client.hpp:40[m[K,
                 from [01m[K/opt/ros/humble/include/rclcpp/rclcpp/callback_group.hpp:24[m[K,
                 from [01m[K/opt/ros/humble/include/rclcpp/rclcpp/any_executable.hpp:20[m[K,
                 from [01m[K/opt/ros/humble/include/rclcpp/rclcpp/memory_strategy.hpp:25[m[K,
                 from [01m[K/opt/ros/humble/include/rclcpp/rclcpp/memory_strategies.hpp:18[m[K,
                 from [01m[K/opt/ros/humble/include/rclcpp/rclcpp/executor_options.hpp:20[m[K,
                 from [01m[K/opt/ros/humble/include/rclcpp/rclcpp/executor.hpp:37[m[K,
                 from [01m[K/opt/ros/humble/include/rclcpp/rclcpp/executors/multi_threaded_executor.hpp:25[m[K,
                 from [01m[K/opt/ros/humble/include/rclcpp/rclcpp/executors.hpp:21[m[K,
                 from [01m[K/home/denis/diploma_ws/install/behaviortree_ros2/include/behaviortree_ros2/bt_service_node.hpp:20[m[K,
                 from [01m[K/home/denis/diploma_ws/src/bt/include/bt/lidar_check_2.hpp:1[m[K,
                 from [01m[K/home/denis/diploma_ws/src/bt/src/lidar_bt_2.cpp:1[m[K:
[01m[K/home/denis/diploma_ws/src/bt/src/lidar_bt_2.cpp:30:49:[m[K [01;35m[Kwarning: [m[Kformat â€˜[01m[K%d[m[Kâ€™ expects argument of type â€˜[01m[Kint[m[Kâ€™, but argument 5 has type â€˜[01m[KBT::NodeStatus[m[Kâ€™ [[01;35m[K]8;;https://gcc.gnu.org/onlinedocs/gcc/Warning-Options.html#index-Wformat=-Wformat=]8;;[m[K]
   30 |         RCLCPP_INFO(rclcpp::get_logger("root"), [01;35m[K"BT Status: %d"[m[K, [32m[Kstatus[m[K);
      |                                                 [01;35m[K^~~~~~~~~~~~~~~[m[K  [32m[K~~~~~~[m[K
      |                                                                  [32m[K|[m[K
      |                                                                  [32m[KBT::NodeStatus[m[K
[01m[K/home/denis/diploma_ws/src/bt/src/lidar_bt_2.cpp:30:62:[m[K [01;36m[Knote: [m[Kformat string is defined here
   30 |         RCLCPP_INFO(rclcpp::get_logger("root"), "BT Status: [01;36m[K%d[m[K", status);
      |                                                             [01;36m[K~^[m[K
      |                                                              [01;36m[K|[m[K
      |                                                              [01;36m[Kint[m[K
gmake[2]: *** [CMakeFiles/lidar_bt_2.dir/build.make:76: CMakeFiles/lidar_bt_2.dir/src/lidar_bt_2.cpp.o] Error 1
gmake[1]: *** [CMakeFiles/Makefile2:137: CMakeFiles/lidar_bt_2.dir/all] Error 2
gmake: *** [Makefile:146: all] Error 2
