[0.066s] Invoking command in '/home/denis/diploma_ws/build/ssu': CMAKE_PREFIX_PATH=${CMAKE_PREFIX_PATH}:/opt/ros/humble /usr/bin/cmake --build /home/denis/diploma_ws/build/ssu -- -j4 -l4
[0.096s] -- Found ament_cmake: 1.3.8 (/opt/ros/humble/share/ament_cmake/cmake)
[0.454s] -- Found rclcpp: 16.0.8 (/opt/ros/humble/share/rclcpp/cmake)
[0.568s] -- Found rosidl_generator_c: 3.1.5 (/opt/ros/humble/share/rosidl_generator_c/cmake)
[0.580s] -- Found rosidl_adapter: 3.1.5 (/opt/ros/humble/share/rosidl_adapter/cmake)
[0.599s] -- Found rosidl_generator_cpp: 3.1.5 (/opt/ros/humble/share/rosidl_generator_cpp/cmake)
[0.625s] -- Using all available rosidl_typesupport_c: rosidl_typesupport_fastrtps_c;rosidl_typesupport_introspection_c
[0.666s] -- Using all available rosidl_typesupport_cpp: rosidl_typesupport_fastrtps_cpp;rosidl_typesupport_introspection_cpp
[0.798s] -- Found rmw_implementation_cmake: 6.1.1 (/opt/ros/humble/share/rmw_implementation_cmake/cmake)
[0.804s] -- Found rmw_cyclonedds_cpp: 1.3.4 (/opt/ros/humble/share/rmw_cyclonedds_cpp/cmake)
[0.870s] -- Using RMW implementation 'rmw_cyclonedds_cpp' as default
[0.891s] -- Looking for pthread.h
[1.009s] -- Looking for pthread.h - found
[1.009s] -- Performing Test CMAKE_HAVE_LIBC_PTHREAD
[1.130s] -- Performing Test CMAKE_HAVE_LIBC_PTHREAD - Success
[1.131s] -- Found Threads: TRUE  
[1.406s] -- Found sensor_msgs: 4.2.3 (/opt/ros/humble/share/sensor_msgs/cmake)
[1.625s] -- Found std_srvs: 4.2.3 (/opt/ros/humble/share/std_srvs/cmake)
[1.663s] -- Found ament_lint_auto: 0.12.10 (/opt/ros/humble/share/ament_lint_auto/cmake)
[1.775s] -- Added test 'cppcheck' to perform static code analysis on C / C++ code
[1.775s] -- Configured cppcheck include dirs: 
[1.775s] -- Configured cppcheck exclude dirs and/or files: 
[1.776s] -- Added test 'lint_cmake' to check CMake code style
[1.778s] -- Added test 'uncrustify' to check C / C++ code style
[1.778s] -- Configured uncrustify additional arguments: 
[1.779s] -- Added test 'xmllint' to check XML markup files
[1.781s] -- Configuring done
[1.802s] -- Generating done
[1.805s] -- Build files have been written to: /home/denis/diploma_ws/build/ssu
[1.861s] [ 50%] [32mBuilding CXX object CMakeFiles/sensor_supervisitory_unit.dir/src/sensor_supervisitory_unit.cpp.o[0m
[1.876s] [01m[K/home/denis/diploma_ws/src/ssu/src/sensor_supervisitory_unit.cpp:1:10:[m[K [01;31m[Kfatal error: [m[Ksensor_supervisitory_unit.hpp: No such file or directory
[1.876s]     1 | #include [01;31m[K"sensor_supervisitory_unit.hpp"[m[K
[1.876s]       |          [01;31m[K^~~~~~~~~~~~~~~~~~~~~~~~~~~~~~~[m[K
[1.876s] compilation terminated.
[1.877s] gmake[2]: *** [CMakeFiles/sensor_supervisitory_unit.dir/build.make:76: CMakeFiles/sensor_supervisitory_unit.dir/src/sensor_supervisitory_unit.cpp.o] Error 1
[1.877s] gmake[1]: *** [CMakeFiles/Makefile2:137: CMakeFiles/sensor_supervisitory_unit.dir/all] Error 2
[1.878s] gmake: *** [Makefile:146: all] Error 2
[1.881s] Invoked command in '/home/denis/diploma_ws/build/ssu' returned '2': CMAKE_PREFIX_PATH=${CMAKE_PREFIX_PATH}:/opt/ros/humble /usr/bin/cmake --build /home/denis/diploma_ws/build/ssu -- -j4 -l4
