In file included from [01m[K/opt/ros/humble/include/rclcpp/rclcpp/logging.hpp:24[m[K,
                 from [01m[K/opt/ros/humble/include/rclcpp/rclcpp/client.hpp:40[m[K,
                 from [01m[K/opt/ros/humble/include/rclcpp/rclcpp/callback_group.hpp:24[m[K,
                 from [01m[K/opt/ros/humble/include/rclcpp/rclcpp/any_executable.hpp:20[m[K,
                 from [01m[K/opt/ros/humble/include/rclcpp/rclcpp/memory_strategy.hpp:25[m[K,
                 from [01m[K/opt/ros/humble/include/rclcpp/rclcpp/memory_strategies.hpp:18[m[K,
                 from [01m[K/opt/ros/humble/include/rclcpp/rclcpp/executor_options.hpp:20[m[K,
                 from [01m[K/opt/ros/humble/include/rclcpp/rclcpp/executor.hpp:37[m[K,
                 from [01m[K/opt/ros/humble/include/rclcpp/rclcpp/executors/multi_threaded_executor.hpp:25[m[K,
                 from [01m[K/opt/ros/humble/include/rclcpp/rclcpp/executors.hpp:21[m[K,
                 from [01m[K/opt/ros/humble/include/rclcpp/rclcpp/rclcpp.hpp:155[m[K,
                 from [01m[K/home/denis/diploma_ws/src/bt/include/bt/odom_check.hpp:6[m[K,
                 from [01m[K/home/denis/diploma_ws/src/bt/src/odom_bt.cpp:1[m[K:
[01m[K/home/denis/diploma_ws/src/bt/src/odom_bt.cpp:[m[K In function â€˜[01m[Kint main(int, const char**)[m[Kâ€™:
[01m[K/home/denis/diploma_ws/src/bt/src/odom_bt.cpp:56:49:[m[K [01;35m[Kwarning: [m[Kformat â€˜[01m[K%d[m[Kâ€™ expects argument of type â€˜[01m[Kint[m[Kâ€™, but argument 5 has type â€˜[01m[KBT::NodeStatus[m[Kâ€™ [[01;35m[K]8;;https://gcc.gnu.org/onlinedocs/gcc/Warning-Options.html#index-Wformat=-Wformat=]8;;[m[K]
   56 |         RCLCPP_INFO(rclcpp::get_logger("root"), [01;35m[K"BT Status: %d"[m[K, [32m[Kstatus[m[K);
      |                                                 [01;35m[K^~~~~~~~~~~~~~~[m[K  [32m[K~~~~~~[m[K
      |                                                                  [32m[K|[m[K
      |                                                                  [32m[KBT::NodeStatus[m[K
[01m[K/home/denis/diploma_ws/src/bt/src/odom_bt.cpp:56:62:[m[K [01;36m[Knote: [m[Kformat string is defined here
   56 |         RCLCPP_INFO(rclcpp::get_logger("root"), "BT Status: [01;36m[K%d[m[K", status);
      |                                                             [01;36m[K~^[m[K
      |                                                              [01;36m[K|[m[K
      |                                                              [01;36m[Kint[m[K
In file included from [01m[K/opt/ros/humble/include/rclcpp/rclcpp/logging.hpp:24[m[K,
                 from [01m[K/opt/ros/humble/include/rclcpp/rclcpp/client.hpp:40[m[K,
                 from [01m[K/opt/ros/humble/include/rclcpp/rclcpp/callback_group.hpp:24[m[K,
                 from [01m[K/opt/ros/humble/include/rclcpp/rclcpp/any_executable.hpp:20[m[K,
                 from [01m[K/opt/ros/humble/include/rclcpp/rclcpp/memory_strategy.hpp:25[m[K,
                 from [01m[K/opt/ros/humble/include/rclcpp/rclcpp/memory_strategies.hpp:18[m[K,
                 from [01m[K/opt/ros/humble/include/rclcpp/rclcpp/executor_options.hpp:20[m[K,
                 from [01m[K/opt/ros/humble/include/rclcpp/rclcpp/executor.hpp:37[m[K,
                 from [01m[K/opt/ros/humble/include/rclcpp/rclcpp/executors/multi_threaded_executor.hpp:25[m[K,
                 from [01m[K/opt/ros/humble/include/rclcpp/rclcpp/executors.hpp:21[m[K,
                 from [01m[K/opt/ros/humble/include/rclcpp/rclcpp/rclcpp.hpp:155[m[K,
                 from [01m[K/home/denis/diploma_ws/src/bt/include/bt/lidar_check.hpp:6[m[K,
                 from [01m[K/home/denis/diploma_ws/src/bt/src/sensors_bt.cpp:1[m[K:
[01m[K/home/denis/diploma_ws/src/bt/src/sensors_bt.cpp:[m[K In function â€˜[01m[Kint main(int, const char**)[m[Kâ€™:
[01m[K/home/denis/diploma_ws/src/bt/src/sensors_bt.cpp:68:49:[m[K [01;35m[Kwarning: [m[Kformat â€˜[01m[K%d[m[Kâ€™ expects argument of type â€˜[01m[Kint[m[Kâ€™, but argument 5 has type â€˜[01m[KBT::NodeStatus[m[Kâ€™ [[01;35m[K]8;;https://gcc.gnu.org/onlinedocs/gcc/Warning-Options.html#index-Wformat=-Wformat=]8;;[m[K]
   68 |         RCLCPP_INFO(rclcpp::get_logger("root"), [01;35m[K"BT Status: %d"[m[K, [32m[Kstatus[m[K);
      |                                                 [01;35m[K^~~~~~~~~~~~~~~[m[K  [32m[K~~~~~~[m[K
      |                                                                  [32m[K|[m[K
      |                                                                  [32m[KBT::NodeStatus[m[K
[01m[K/home/denis/diploma_ws/src/bt/src/sensors_bt.cpp:68:62:[m[K [01;36m[Knote: [m[Kformat string is defined here
   68 |         RCLCPP_INFO(rclcpp::get_logger("root"), "BT Status: [01;36m[K%d[m[K", status);
      |                                                             [01;36m[K~^[m[K
      |                                                              [01;36m[K|[m[K
      |                                                              [01;36m[Kint[m[K
In file included from [01m[K/opt/ros/humble/include/rclcpp/rclcpp/logging.hpp:24[m[K,
                 from [01m[K/opt/ros/humble/include/rclcpp/rclcpp/client.hpp:40[m[K,
                 from [01m[K/opt/ros/humble/include/rclcpp/rclcpp/callback_group.hpp:24[m[K,
                 from [01m[K/opt/ros/humble/include/rclcpp/rclcpp/any_executable.hpp:20[m[K,
                 from [01m[K/opt/ros/humble/include/rclcpp/rclcpp/memory_strategy.hpp:25[m[K,
                 from [01m[K/opt/ros/humble/include/rclcpp/rclcpp/memory_strategies.hpp:18[m[K,
                 from [01m[K/opt/ros/humble/include/rclcpp/rclcpp/executor_options.hpp:20[m[K,
                 from [01m[K/opt/ros/humble/include/rclcpp/rclcpp/executor.hpp:37[m[K,
                 from [01m[K/opt/ros/humble/include/rclcpp/rclcpp/executors/multi_threaded_executor.hpp:25[m[K,
                 from [01m[K/opt/ros/humble/include/rclcpp/rclcpp/executors.hpp:21[m[K,
                 from [01m[K/opt/ros/humble/include/rclcpp/rclcpp/rclcpp.hpp:155[m[K,
                 from [01m[K/home/denis/diploma_ws/src/bt/include/bt/imu_check.hpp:6[m[K,
                 from [01m[K/home/denis/diploma_ws/src/bt/src/imu_bt.cpp:1[m[K:
[01m[K/home/denis/diploma_ws/src/bt/src/imu_bt.cpp:[m[K In function â€˜[01m[Kint main(int, const char**)[m[Kâ€™:
[01m[K/home/denis/diploma_ws/src/bt/src/imu_bt.cpp:56:49:[m[K [01;35m[Kwarning: [m[Kformat â€˜[01m[K%d[m[Kâ€™ expects argument of type â€˜[01m[Kint[m[Kâ€™, but argument 5 has type â€˜[01m[KBT::NodeStatus[m[Kâ€™ [[01;35m[K]8;;https://gcc.gnu.org/onlinedocs/gcc/Warning-Options.html#index-Wformat=-Wformat=]8;;[m[K]
   56 |         RCLCPP_INFO(rclcpp::get_logger("root"), [01;35m[K"BT Status: %d"[m[K, [32m[Kstatus[m[K);
      |                                                 [01;35m[K^~~~~~~~~~~~~~~[m[K  [32m[K~~~~~~[m[K
      |                                                                  [32m[K|[m[K
      |                                                                  [32m[KBT::NodeStatus[m[K
[01m[K/home/denis/diploma_ws/src/bt/src/imu_bt.cpp:56:62:[m[K [01;36m[Knote: [m[Kformat string is defined here
   56 |         RCLCPP_INFO(rclcpp::get_logger("root"), "BT Status: [01;36m[K%d[m[K", status);
      |                                                             [01;36m[K~^[m[K
      |                                                              [01;36m[K|[m[K
      |                                                              [01;36m[Kint[m[K
In file included from [01m[K/opt/ros/humble/include/rclcpp/rclcpp/logging.hpp:24[m[K,
                 from [01m[K/opt/ros/humble/include/rclcpp/rclcpp/client.hpp:40[m[K,
                 from [01m[K/opt/ros/humble/include/rclcpp/rclcpp/callback_group.hpp:24[m[K,
                 from [01m[K/opt/ros/humble/include/rclcpp/rclcpp/any_executable.hpp:20[m[K,
                 from [01m[K/opt/ros/humble/include/rclcpp/rclcpp/memory_strategy.hpp:25[m[K,
                 from [01m[K/opt/ros/humble/include/rclcpp/rclcpp/memory_strategies.hpp:18[m[K,
                 from [01m[K/opt/ros/humble/include/rclcpp/rclcpp/executor_options.hpp:20[m[K,
                 from [01m[K/opt/ros/humble/include/rclcpp/rclcpp/executor.hpp:37[m[K,
                 from [01m[K/opt/ros/humble/include/rclcpp/rclcpp/executors/multi_threaded_executor.hpp:25[m[K,
                 from [01m[K/opt/ros/humble/include/rclcpp/rclcpp/executors.hpp:21[m[K,
                 from [01m[K/opt/ros/humble/include/rclcpp/rclcpp/rclcpp.hpp:155[m[K,
                 from [01m[K/home/denis/diploma_ws/src/bt/include/bt/lidar_check.hpp:6[m[K,
                 from [01m[K/home/denis/diploma_ws/src/bt/src/lidar_bt.cpp:1[m[K:
[01m[K/home/denis/diploma_ws/src/bt/src/lidar_bt.cpp:[m[K In function â€˜[01m[Kint main(int, const char**)[m[Kâ€™:
[01m[K/home/denis/diploma_ws/src/bt/src/lidar_bt.cpp:56:49:[m[K [01;35m[Kwarning: [m[Kformat â€˜[01m[K%d[m[Kâ€™ expects argument of type â€˜[01m[Kint[m[Kâ€™, but argument 5 has type â€˜[01m[KBT::NodeStatus[m[Kâ€™ [[01;35m[K]8;;https://gcc.gnu.org/onlinedocs/gcc/Warning-Options.html#index-Wformat=-Wformat=]8;;[m[K]
   56 |         RCLCPP_INFO(rclcpp::get_logger("root"), [01;35m[K"BT Status: %d"[m[K, [32m[Kstatus[m[K);
      |                                                 [01;35m[K^~~~~~~~~~~~~~~[m[K  [32m[K~~~~~~[m[K
      |                                                                  [32m[K|[m[K
      |                                                                  [32m[KBT::NodeStatus[m[K
[01m[K/home/denis/diploma_ws/src/bt/src/lidar_bt.cpp:56:62:[m[K [01;36m[Knote: [m[Kformat string is defined here
   56 |         RCLCPP_INFO(rclcpp::get_logger("root"), "BT Status: [01;36m[K%d[m[K", status);
      |                                                             [01;36m[K~^[m[K
      |                                                              [01;36m[K|[m[K
      |                                                              [01;36m[Kint[m[K
In file included from [01m[K/home/denis/diploma_ws/src/bt/src/battery_bt.cpp:1[m[K:
[01m[K/home/denis/diploma_ws/src/bt/include/bt/battery_check.hpp:127:24:[m[K [01;31m[Kerror: [m[Kâ€˜[01m[Kbt_msgs[m[Kâ€™ was not declared in this scope; did you mean â€˜[01m[Kstd_msgs[m[Kâ€™?
  127 |         rclcpp::Client<[01;31m[Kbt_msgs[m[K::srv::GetDistance>::SharedPtr get_goal_distance_srv_cli;
      |                        [01;31m[K^~~~~~~[m[K
      |                        [32m[Kstd_msgs[m[K
[01m[K/home/denis/diploma_ws/src/bt/include/bt/battery_check.hpp:127:49:[m[K [01;31m[Kerror: [m[Ktemplate argument 1 is invalid
  127 |         rclcpp::Client<bt_msgs::srv::GetDistance[01;31m[K>[m[K::SharedPtr get_goal_distance_srv_cli;
      |                                                 [01;31m[K^[m[K
[01m[K/home/denis/diploma_ws/src/bt/include/bt/battery_check.hpp:127:52:[m[K [01;31m[Kerror: [m[Kexpected â€˜[01m[K;[m[Kâ€™ at end of member declaration
  127 |         rclcpp::Client<bt_msgs::srv::GetDistance>::[01;31m[KSharedPtr[m[K get_goal_distance_srv_cli;
      |                                                    [01;31m[K^~~~~~~~~[m[K
      |                                                             [32m[K;[m[K
[01m[K/home/denis/diploma_ws/src/bt/include/bt/battery_check.hpp:127:62:[m[K [01;31m[Kerror: [m[Kâ€˜[01m[Kget_goal_distance_srv_cli[m[Kâ€™ does not name a type
  127 |         rclcpp::Client<bt_msgs::srv::GetDistance>::SharedPtr [01;31m[Kget_goal_distance_srv_cli[m[K;
      |                                                              [01;31m[K^~~~~~~~~~~~~~~~~~~~~~~~~[m[K
[01m[K/home/denis/diploma_ws/src/bt/include/bt/battery_check.hpp:128:24:[m[K [01;31m[Kerror: [m[Kâ€˜[01m[Kbt_msgs[m[Kâ€™ was not declared in this scope; did you mean â€˜[01m[Kstd_msgs[m[Kâ€™?
  128 |         rclcpp::Client<[01;31m[Kbt_msgs[m[K::srv::GetCharge>::SharedPtr get_battery_level_srv_cli;
      |                        [01;31m[K^~~~~~~[m[K
      |                        [32m[Kstd_msgs[m[K
[01m[K/home/denis/diploma_ws/src/bt/include/bt/battery_check.hpp:128:47:[m[K [01;31m[Kerror: [m[Ktemplate argument 1 is invalid
  128 |         rclcpp::Client<bt_msgs::srv::GetCharge[01;31m[K>[m[K::SharedPtr get_battery_level_srv_cli;
      |                                               [01;31m[K^[m[K
[01m[K/home/denis/diploma_ws/src/bt/include/bt/battery_check.hpp:128:50:[m[K [01;31m[Kerror: [m[Kexpected â€˜[01m[K;[m[Kâ€™ at end of member declaration
  128 |         rclcpp::Client<bt_msgs::srv::GetCharge>::[01;31m[KSharedPtr[m[K get_battery_level_srv_cli;
      |                                                  [01;31m[K^~~~~~~~~[m[K
      |                                                           [32m[K;[m[K
[01m[K/home/denis/diploma_ws/src/bt/include/bt/battery_check.hpp:128:50:[m[K [01;31m[Kerror: [m[Kredeclaration of â€˜[01m[Kint BatteryCheck::SharedPtr[m[Kâ€™
[01m[K/home/denis/diploma_ws/src/bt/include/bt/battery_check.hpp:127:52:[m[K [01;36m[Knote: [m[Kprevious declaration â€˜[01m[Kint BatteryCheck::SharedPtr[m[Kâ€™
  127 |         rclcpp::Client<bt_msgs::srv::GetDistance>::[01;36m[KSharedPtr[m[K get_goal_distance_srv_cli;
      |                                                    [01;36m[K^~~~~~~~~[m[K
[01m[K/home/denis/diploma_ws/src/bt/include/bt/battery_check.hpp:128:60:[m[K [01;31m[Kerror: [m[Kâ€˜[01m[Kget_battery_level_srv_cli[m[Kâ€™ does not name a type
  128 |         rclcpp::Client<bt_msgs::srv::GetCharge>::SharedPtr [01;31m[Kget_battery_level_srv_cli[m[K;
      |                                                            [01;31m[K^~~~~~~~~~~~~~~~~~~~~~~~~[m[K
[01m[K/home/denis/diploma_ws/src/bt/include/bt/battery_check.hpp:130:25:[m[K [01;31m[Kerror: [m[Kâ€˜[01m[Kbt_msgs[m[Kâ€™ was not declared in this scope; did you mean â€˜[01m[Kstd_msgs[m[Kâ€™?
  130 |         std::shared_ptr<[01;31m[Kbt_msgs[m[K::srv::GetDistance::Request> get_goal_distance_req;
      |                         [01;31m[K^~~~~~~[m[K
      |                         [32m[Kstd_msgs[m[K
[01m[K/home/denis/diploma_ws/src/bt/include/bt/battery_check.hpp:130:59:[m[K [01;31m[Kerror: [m[Ktemplate argument 1 is invalid
  130 |         std::shared_ptr<bt_msgs::srv::GetDistance::Request[01;31m[K>[m[K get_goal_distance_req;
      |                                                           [01;31m[K^[m[K
[01m[K/home/denis/diploma_ws/src/bt/include/bt/battery_check.hpp:131:25:[m[K [01;31m[Kerror: [m[Kâ€˜[01m[Kbt_msgs[m[Kâ€™ was not declared in this scope; did you mean â€˜[01m[Kstd_msgs[m[Kâ€™?
  131 |         std::shared_ptr<[01;31m[Kbt_msgs[m[K::srv::GetCharge::Request> get_battery_level_req;
      |                         [01;31m[K^~~~~~~[m[K
      |                         [32m[Kstd_msgs[m[K
[01m[K/home/denis/diploma_ws/src/bt/include/bt/battery_check.hpp:131:57:[m[K [01;31m[Kerror: [m[Ktemplate argument 1 is invalid
  131 |         std::shared_ptr<bt_msgs::srv::GetCharge::Request[01;31m[K>[m[K get_battery_level_req;
      |                                                         [01;31m[K^[m[K
In file included from [01m[K/home/denis/diploma_ws/src/bt/src/battery_bt.cpp:1[m[K:
[01m[K/home/denis/diploma_ws/src/bt/include/bt/battery_check.hpp:[m[K In constructor â€˜[01m[KBatteryCheck::BatteryCheck(const string&)[m[Kâ€™:
[01m[K/home/denis/diploma_ws/src/bt/include/bt/battery_check.hpp:19:13:[m[K [01;31m[Kerror: [m[Kâ€˜[01m[Kget_goal_distance_srv_cli[m[Kâ€™ was not declared in this scope; did you mean â€˜[01m[Kget_goal_distance_srv_call[m[Kâ€™?
   19 |             [01;31m[Kget_goal_distance_srv_cli[m[K = node->create_client<dms_interfaces::srv::GetGoalDistance>("get_goal_distance");
      |             [01;31m[K^~~~~~~~~~~~~~~~~~~~~~~~~[m[K
      |             [32m[Kget_goal_distance_srv_call[m[K
[01m[K/home/denis/diploma_ws/src/bt/include/bt/battery_check.hpp:20:13:[m[K [01;31m[Kerror: [m[Kâ€˜[01m[Kget_battery_level_srv_cli[m[Kâ€™ was not declared in this scope; did you mean â€˜[01m[Kget_battery_level_srv_call[m[Kâ€™?
   20 |             [01;31m[Kget_battery_level_srv_cli[m[K = node->create_client<dms_interfaces::srv::GetBatteryLevel>("get_battery_level_service");
      |             [01;31m[K^~~~~~~~~~~~~~~~~~~~~~~~~[m[K
      |             [32m[Kget_battery_level_srv_call[m[K
In file included from [01m[K/home/denis/diploma_ws/src/bt/src/battery_bt.cpp:1[m[K:
[01m[K/home/denis/diploma_ws/src/bt/include/bt/battery_check.hpp:22:100:[m[K [01;31m[Kerror: [m[Kcannot convert â€˜[01m[Kstd::shared_ptr<dms_interfaces::srv::GetGoalDistance_Request_<std::allocator<void> > >[m[Kâ€™ to â€˜[01m[Kint[m[Kâ€™ in assignment
   22 |             get_goal_distance_req = [01;31m[Kstd::make_shared<dms_interfaces::srv::GetGoalDistance::Request>()[m[K;
      |                                     [01;31m[K~~~~~~~~~~~~~~~~~~~~~~~~~~~~~~~~~~~~~~~~~~~~~~~~~~~~~~~~~~~~~~~^~[m[K
      |                                                                                                    [01;31m[K|[m[K
      |                                                                                                    [01;31m[Kstd::shared_ptr<dms_interfaces::srv::GetGoalDistance_Request_<std::allocator<void> > >[m[K
[01m[K/home/denis/diploma_ws/src/bt/include/bt/battery_check.hpp:23:100:[m[K [01;31m[Kerror: [m[Kcannot convert â€˜[01m[Kstd::shared_ptr<dms_interfaces::srv::GetBatteryLevel_Request_<std::allocator<void> > >[m[Kâ€™ to â€˜[01m[Kint[m[Kâ€™ in assignment
   23 |             get_battery_level_req = [01;31m[Kstd::make_shared<dms_interfaces::srv::GetBatteryLevel::Request>()[m[K;
      |                                     [01;31m[K~~~~~~~~~~~~~~~~~~~~~~~~~~~~~~~~~~~~~~~~~~~~~~~~~~~~~~~~~~~~~~~^~[m[K
      |                                                                                                    [01;31m[K|[m[K
      |                                                                                                    [01;31m[Kstd::shared_ptr<dms_interfaces::srv::GetBatteryLevel_Request_<std::allocator<void> > >[m[K
[01m[K/home/denis/diploma_ws/src/bt/include/bt/battery_check.hpp:25:13:[m[K [01;31m[Kerror: [m[Kâ€˜[01m[Kexpected_cmd_vel[m[Kâ€™ was not declared in this scope; did you mean â€˜[01m[Kexpected_speed[m[Kâ€™?
   25 |             [01;31m[Kexpected_cmd_vel[m[K = 0.2;
      |             [01;31m[K^~~~~~~~~~~~~~~~[m[K
      |             [32m[Kexpected_speed[m[K
[01m[K/home/denis/diploma_ws/src/bt/include/bt/battery_check.hpp:[m[K In member function â€˜[01m[Kbool BatteryCheck::get_goal_distance_srv_call(float&)[m[Kâ€™:
[01m[K/home/denis/diploma_ws/src/bt/include/bt/battery_check.hpp:36:40:[m[K [01;31m[Kerror: [m[Kcannot convert â€˜[01m[KBT::NodeStatus[m[Kâ€™ to â€˜[01m[Kbool[m[Kâ€™ in return
   36 |                 return BT::NodeStatus::[01;31m[KFAILURE[m[K;
      |                                        [01;31m[K^~~~~~~[m[K
[01m[K/home/denis/diploma_ws/src/bt/include/bt/battery_check.hpp:38:18:[m[K [01;31m[Kerror: [m[Kâ€˜[01m[Kservice_client[m[Kâ€™ was not declared in this scope
   38 |             if (![01;31m[Kservice_client[m[K->wait_for_service(std::chrono::milliseconds(500)))
      |                  [01;31m[K^~~~~~~~~~~~~~[m[K
[01m[K/home/denis/diploma_ws/src/bt/include/bt/battery_check.hpp:41:40:[m[K [01;31m[Kerror: [m[Kcannot convert â€˜[01m[KBT::NodeStatus[m[Kâ€™ to â€˜[01m[Kbool[m[Kâ€™ in return
   41 |                 return BT::NodeStatus::[01;31m[KFAILURE[m[K;
      |                                        [01;31m[K^~~~~~~[m[K
[01m[K/home/denis/diploma_ws/src/bt/include/bt/battery_check.hpp:44:27:[m[K [01;31m[Kerror: [m[Kâ€˜[01m[Kget_goal_distance_srv_cli[m[Kâ€™ was not declared in this scope; did you mean â€˜[01m[Kget_goal_distance_srv_call[m[Kâ€™?
   44 |             auto result = [01;31m[Kget_goal_distance_srv_cli[m[K->async_send_request(get_goal_distance_req);
      |                           [01;31m[K^~~~~~~~~~~~~~~~~~~~~~~~~[m[K
      |                           [32m[Kget_goal_distance_srv_call[m[K
[01m[K/home/denis/diploma_ws/src/bt/include/bt/battery_check.hpp:[m[K In member function â€˜[01m[Kbool BatteryCheck::get_battery_level_srv_call(float&, float&, float&)[m[Kâ€™:
[01m[K/home/denis/diploma_ws/src/bt/include/bt/battery_check.hpp:62:40:[m[K [01;31m[Kerror: [m[Kcannot convert â€˜[01m[KBT::NodeStatus[m[Kâ€™ to â€˜[01m[Kbool[m[Kâ€™ in return
   62 |                 return BT::NodeStatus::[01;31m[KFAILURE[m[K;
      |                                        [01;31m[K^~~~~~~[m[K
[01m[K/home/denis/diploma_ws/src/bt/include/bt/battery_check.hpp:64:18:[m[K [01;31m[Kerror: [m[Kâ€˜[01m[Kservice_client[m[Kâ€™ was not declared in this scope
   64 |             if (![01;31m[Kservice_client[m[K->wait_for_service(std::chrono::milliseconds(500)))
      |                  [01;31m[K^~~~~~~~~~~~~~[m[K
[01m[K/home/denis/diploma_ws/src/bt/include/bt/battery_check.hpp:67:40:[m[K [01;31m[Kerror: [m[Kcannot convert â€˜[01m[KBT::NodeStatus[m[Kâ€™ to â€˜[01m[Kbool[m[Kâ€™ in return
   67 |                 return BT::NodeStatus::[01;31m[KFAILURE[m[K;
      |                                        [01;31m[K^~~~~~~[m[K
[01m[K/home/denis/diploma_ws/src/bt/include/bt/battery_check.hpp:70:27:[m[K [01;31m[Kerror: [m[Kâ€˜[01m[Kget_battery_level_srv_cli[m[Kâ€™ was not declared in this scope; did you mean â€˜[01m[Kget_battery_level_srv_call[m[Kâ€™?
   70 |             auto result = [01;31m[Kget_battery_level_srv_cli[m[K->async_send_request(get_battery_level_req);
      |                           [01;31m[K^~~~~~~~~~~~~~~~~~~~~~~~~[m[K
      |                           [32m[Kget_battery_level_srv_call[m[K
[01m[K/home/denis/diploma_ws/src/bt/include/bt/battery_check.hpp:[m[K In member function â€˜[01m[Kvirtual BT::NodeStatus BatteryCheck::tick()[m[Kâ€™:
[01m[K/home/denis/diploma_ws/src/bt/include/bt/battery_check.hpp:87:18:[m[K [01;31m[Kerror: [m[Kâ€˜[01m[Kdistance_service_call[m[Kâ€™ was not declared in this scope
   87 |             if (![01;31m[Kdistance_service_call[m[K(goal_distance))
      |                  [01;31m[K^~~~~~~~~~~~~~~~~~~~~[m[K
[01m[K/home/denis/diploma_ws/src/bt/include/bt/battery_check.hpp:99:18:[m[K [01;31m[Kerror: [m[Kâ€˜[01m[Kcharge_service_call[m[Kâ€™ was not declared in this scope
   99 |             if (![01;31m[Kcharge_service_call[m[K(charge, idle_consumption, drive_consumption))
      |                  [01;31m[K^~~~~~~~~~~~~~~~~~~[m[K
[01m[K/home/denis/diploma_ws/src/bt/include/bt/battery_check.hpp:107:51:[m[K [01;31m[Kerror: [m[Kâ€˜[01m[Kexpected_cmd_vel[m[Kâ€™ was not declared in this scope; did you mean â€˜[01m[Kexpected_speed[m[Kâ€™?
  107 |             float expected_time = goal_distance / [01;31m[Kexpected_cmd_vel[m[K;
      |                                                   [01;31m[K^~~~~~~~~~~~~~~~[m[K
      |                                                   [32m[Kexpected_speed[m[K
In file included from [01m[K/opt/ros/humble/include/rclcpp/rclcpp/logging.hpp:24[m[K,
                 from [01m[K/opt/ros/humble/include/rclcpp/rclcpp/client.hpp:40[m[K,
                 from [01m[K/opt/ros/humble/include/rclcpp/rclcpp/callback_group.hpp:24[m[K,
                 from [01m[K/opt/ros/humble/include/rclcpp/rclcpp/any_executable.hpp:20[m[K,
                 from [01m[K/opt/ros/humble/include/rclcpp/rclcpp/memory_strategy.hpp:25[m[K,
                 from [01m[K/opt/ros/humble/include/rclcpp/rclcpp/memory_strategies.hpp:18[m[K,
                 from [01m[K/opt/ros/humble/include/rclcpp/rclcpp/executor_options.hpp:20[m[K,
                 from [01m[K/opt/ros/humble/include/rclcpp/rclcpp/executor.hpp:37[m[K,
                 from [01m[K/opt/ros/humble/include/rclcpp/rclcpp/executors/multi_threaded_executor.hpp:25[m[K,
                 from [01m[K/opt/ros/humble/include/rclcpp/rclcpp/executors.hpp:21[m[K,
                 from [01m[K/opt/ros/humble/include/rclcpp/rclcpp/rclcpp.hpp:155[m[K,
                 from [01m[K/home/denis/diploma_ws/src/bt/include/bt/battery_check.hpp:4[m[K,
                 from [01m[K/home/denis/diploma_ws/src/bt/src/battery_bt.cpp:1[m[K:
[01m[K/home/denis/diploma_ws/src/bt/src/battery_bt.cpp:[m[K In function â€˜[01m[Kint main(int, const char**)[m[Kâ€™:
[01m[K/home/denis/diploma_ws/src/bt/src/battery_bt.cpp:48:49:[m[K [01;35m[Kwarning: [m[Kformat â€˜[01m[K%d[m[Kâ€™ expects argument of type â€˜[01m[Kint[m[Kâ€™, but argument 5 has type â€˜[01m[KBT::NodeStatus[m[Kâ€™ [[01;35m[K]8;;https://gcc.gnu.org/onlinedocs/gcc/Warning-Options.html#index-Wformat=-Wformat=]8;;[m[K]
   48 |         RCLCPP_INFO(rclcpp::get_logger("root"), [01;35m[K"BT Status: %d"[m[K, [32m[Kstatus[m[K);
      |                                                 [01;35m[K^~~~~~~~~~~~~~~[m[K  [32m[K~~~~~~[m[K
      |                                                                  [32m[K|[m[K
      |                                                                  [32m[KBT::NodeStatus[m[K
[01m[K/home/denis/diploma_ws/src/bt/src/battery_bt.cpp:48:62:[m[K [01;36m[Knote: [m[Kformat string is defined here
   48 |         RCLCPP_INFO(rclcpp::get_logger("root"), "BT Status: [01;36m[K%d[m[K", status);
      |                                                             [01;36m[K~^[m[K
      |                                                              [01;36m[K|[m[K
      |                                                              [01;36m[Kint[m[K
gmake[2]: *** [CMakeFiles/battery_bt.dir/build.make:76: CMakeFiles/battery_bt.dir/src/battery_bt.cpp.o] Error 1
gmake[1]: *** [CMakeFiles/Makefile2:249: CMakeFiles/battery_bt.dir/all] Error 2
gmake: *** [Makefile:146: all] Error 2
