[0.053s] Invoking command in '/home/denis/diploma_ws/build/bt': CMAKE_PREFIX_PATH=/home/denis/diploma_ws/install/dms_interfaces:/home/denis/diploma_ws/install/behaviortree_cpp_v3:/home/denis/diploma_ws/install/turtlebot3_simulations:/home/denis/diploma_ws/install/turtlebot3_navigation2:/home/denis/diploma_ws/install/turtlebot3_gazebo:/home/denis/diploma_ws/install/turtlebot3_fake_node:/home/denis/diploma_ws/install/ssu:/home/denis/diploma_ws/install/nspu:/home/denis/diploma_ws/install/nav2_bringup:/home/denis/diploma_ws/install/groot:/home/denis/diploma_ws/install/fsu:/home/denis/diploma_ws/install/csu:/home/denis/diploma_ws/install/bsu:/home/denis/diploma_ws/install/btcpp_ros2_samples:/home/denis/diploma_ws/install/btcpp_ros2_interfaces:/home/denis/diploma_ws/install/bt:/home/denis/diploma_ws/install/behaviortree_ros2:/home/denis/diploma_ws/install/behaviortree_cpp:/opt/ros/humble LD_LIBRARY_PATH=/home/denis/diploma_ws/install/dms_interfaces/lib:/home/denis/diploma_ws/install/behaviortree_cpp_v3/lib:/home/denis/diploma_ws/install/groot/lib:/home/denis/diploma_ws/install/btcpp_ros2_interfaces/lib:/home/denis/diploma_ws/install/behaviortree_cpp/lib:/usr/lib/x86_64-linux-gnu/gazebo-11/plugins:/opt/ros/humble/opt/rviz_ogre_vendor/lib:/opt/ros/humble/lib/x86_64-linux-gnu:/opt/ros/humble/lib /usr/bin/cmake --build /home/denis/diploma_ws/build/bt -- -j4 -l4
[0.151s] -- Found ament_cmake: 1.3.8 (/opt/ros/humble/share/ament_cmake/cmake)
[0.553s] -- Found rclcpp: 16.0.8 (/opt/ros/humble/share/rclcpp/cmake)
[0.684s] -- Found rosidl_generator_c: 3.1.5 (/opt/ros/humble/share/rosidl_generator_c/cmake)
[0.691s] -- Found rosidl_adapter: 3.1.5 (/opt/ros/humble/share/rosidl_adapter/cmake)
[0.709s] -- Found rosidl_generator_cpp: 3.1.5 (/opt/ros/humble/share/rosidl_generator_cpp/cmake)
[0.751s] -- Using all available rosidl_typesupport_c: rosidl_typesupport_fastrtps_c;rosidl_typesupport_introspection_c
[0.812s] -- Using all available rosidl_typesupport_cpp: rosidl_typesupport_fastrtps_cpp;rosidl_typesupport_introspection_cpp
[1.105s] -- Found rmw_implementation_cmake: 6.1.1 (/opt/ros/humble/share/rmw_implementation_cmake/cmake)
[1.121s] -- Found rmw_cyclonedds_cpp: 1.3.4 (/opt/ros/humble/share/rmw_cyclonedds_cpp/cmake)
[1.247s] -- Using RMW implementation 'rmw_cyclonedds_cpp' as default
[1.899s] -- Found rclcpp_action: 16.0.8 (/opt/ros/humble/share/rclcpp_action/cmake)
[2.266s] -- Found std_srvs: 4.2.3 (/opt/ros/humble/share/std_srvs/cmake)
[2.352s] -- Found nav2_msgs: 1.1.14 (/opt/ros/humble/share/nav2_msgs/cmake)
[3.405s] -- Found dms_interfaces: 0.0.0 (/home/denis/diploma_ws/install/dms_interfaces/share/dms_interfaces/cmake)
[3.676s] -- Found ament_lint_auto: 0.12.10 (/opt/ros/humble/share/ament_lint_auto/cmake)
[3.894s] -- Added test 'cppcheck' to perform static code analysis on C / C++ code
[3.898s] -- Configured cppcheck include dirs: /home/denis/diploma_ws/src/bt/include/bt
[3.898s] -- Configured cppcheck exclude dirs and/or files: 
[3.900s] -- Added test 'flake8' to check Python code syntax and style conventions
[3.903s] -- Added test 'lint_cmake' to check CMake code style
[3.905s] -- Added test 'pep257' to check Python code against some of the docstring style conventions in PEP 257
[3.910s] -- Added test 'uncrustify' to check C / C++ code style
[3.911s] -- Configured uncrustify additional arguments: 
[3.913s] -- Added test 'xmllint' to check XML markup files
[3.916s] -- Configuring done
[4.013s] -- Generating done
[4.019s] -- Build files have been written to: /home/denis/diploma_ws/build/bt
[4.100s] [35m[1mConsolidate compiler generated dependencies of target lidar_bt[0m
[4.133s] [35m[1mConsolidate compiler generated dependencies of target imu_bt[0m
[4.149s] [35m[1mConsolidate compiler generated dependencies of target sensors_bt[0m
[4.152s] [35m[1mConsolidate compiler generated dependencies of target odom_bt[0m
[4.152s] [ 10%] [32mBuilding CXX object CMakeFiles/lidar_bt.dir/src/lidar_bt.cpp.o[0m
[4.225s] [ 20%] [32mBuilding CXX object CMakeFiles/imu_bt.dir/src/imu_bt.cpp.o[0m
[4.245s] [ 30%] [32mBuilding CXX object CMakeFiles/sensors_bt.dir/src/sensors_bt.cpp.o[0m
[4.297s] [ 40%] [32mBuilding CXX object CMakeFiles/odom_bt.dir/src/odom_bt.cpp.o[0m
[18.094s] In file included from [01m[K/opt/ros/humble/include/rclcpp/rclcpp/logging.hpp:24[m[K,
[18.094s]                  from [01m[K/opt/ros/humble/include/rclcpp/rclcpp/client.hpp:40[m[K,
[18.094s]                  from [01m[K/opt/ros/humble/include/rclcpp/rclcpp/callback_group.hpp:24[m[K,
[18.095s]                  from [01m[K/opt/ros/humble/include/rclcpp/rclcpp/any_executable.hpp:20[m[K,
[18.095s]                  from [01m[K/opt/ros/humble/include/rclcpp/rclcpp/memory_strategy.hpp:25[m[K,
[18.095s]                  from [01m[K/opt/ros/humble/include/rclcpp/rclcpp/memory_strategies.hpp:18[m[K,
[18.095s]                  from [01m[K/opt/ros/humble/include/rclcpp/rclcpp/executor_options.hpp:20[m[K,
[18.095s]                  from [01m[K/opt/ros/humble/include/rclcpp/rclcpp/executor.hpp:37[m[K,
[18.095s]                  from [01m[K/opt/ros/humble/include/rclcpp/rclcpp/executors/multi_threaded_executor.hpp:25[m[K,
[18.096s]                  from [01m[K/opt/ros/humble/include/rclcpp/rclcpp/executors.hpp:21[m[K,
[18.096s]                  from [01m[K/opt/ros/humble/include/rclcpp/rclcpp/rclcpp.hpp:155[m[K,
[18.096s]                  from [01m[K/home/denis/diploma_ws/src/bt/include/bt/odom_check.hpp:6[m[K,
[18.096s]                  from [01m[K/home/denis/diploma_ws/src/bt/src/odom_bt.cpp:1[m[K:
[18.096s] [01m[K/home/denis/diploma_ws/src/bt/src/odom_bt.cpp:[m[K In function â€˜[01m[Kint main(int, const char**)[m[Kâ€™:
[18.096s] [01m[K/home/denis/diploma_ws/src/bt/src/odom_bt.cpp:56:49:[m[K [01;35m[Kwarning: [m[Kformat â€˜[01m[K%d[m[Kâ€™ expects argument of type â€˜[01m[Kint[m[Kâ€™, but argument 5 has type â€˜[01m[KBT::NodeStatus[m[Kâ€™ [[01;35m[K]8;;https://gcc.gnu.org/onlinedocs/gcc/Warning-Options.html#index-Wformat=-Wformat=]8;;[m[K]
[18.097s]    56 |         RCLCPP_INFO(rclcpp::get_logger("root"), [01;35m[K"BT Status: %d"[m[K, [32m[Kstatus[m[K);
[18.097s]       |                                                 [01;35m[K^~~~~~~~~~~~~~~[m[K  [32m[K~~~~~~[m[K
[18.097s]       |                                                                  [32m[K|[m[K
[18.097s]       |                                                                  [32m[KBT::NodeStatus[m[K
[18.103s] [01m[K/home/denis/diploma_ws/src/bt/src/odom_bt.cpp:56:62:[m[K [01;36m[Knote: [m[Kformat string is defined here
[18.103s]    56 |         RCLCPP_INFO(rclcpp::get_logger("root"), "BT Status: [01;36m[K%d[m[K", status);
[18.103s]       |                                                             [01;36m[K~^[m[K
[18.104s]       |                                                              [01;36m[K|[m[K
[18.104s]       |                                                              [01;36m[Kint[m[K
[18.171s] In file included from [01m[K/opt/ros/humble/include/rclcpp/rclcpp/logging.hpp:24[m[K,
[18.172s]                  from [01m[K/opt/ros/humble/include/rclcpp/rclcpp/client.hpp:40[m[K,
[18.172s]                  from [01m[K/opt/ros/humble/include/rclcpp/rclcpp/callback_group.hpp:24[m[K,
[18.172s]                  from [01m[K/opt/ros/humble/include/rclcpp/rclcpp/any_executable.hpp:20[m[K,
[18.172s]                  from [01m[K/opt/ros/humble/include/rclcpp/rclcpp/memory_strategy.hpp:25[m[K,
[18.172s]                  from [01m[K/opt/ros/humble/include/rclcpp/rclcpp/memory_strategies.hpp:18[m[K,
[18.173s]                  from [01m[K/opt/ros/humble/include/rclcpp/rclcpp/executor_options.hpp:20[m[K,
[18.173s]                  from [01m[K/opt/ros/humble/include/rclcpp/rclcpp/executor.hpp:37[m[K,
[18.173s]                  from [01m[K/opt/ros/humble/include/rclcpp/rclcpp/executors/multi_threaded_executor.hpp:25[m[K,
[18.173s]                  from [01m[K/opt/ros/humble/include/rclcpp/rclcpp/executors.hpp:21[m[K,
[18.173s]                  from [01m[K/opt/ros/humble/include/rclcpp/rclcpp/rclcpp.hpp:155[m[K,
[18.174s]                  from [01m[K/home/denis/diploma_ws/src/bt/include/bt/lidar_check.hpp:6[m[K,
[18.174s]                  from [01m[K/home/denis/diploma_ws/src/bt/src/sensors_bt.cpp:1[m[K:
[18.174s] [01m[K/home/denis/diploma_ws/src/bt/src/sensors_bt.cpp:[m[K In function â€˜[01m[Kint main(int, const char**)[m[Kâ€™:
[18.174s] [01m[K/home/denis/diploma_ws/src/bt/src/sensors_bt.cpp:68:49:[m[K [01;35m[Kwarning: [m[Kformat â€˜[01m[K%d[m[Kâ€™ expects argument of type â€˜[01m[Kint[m[Kâ€™, but argument 5 has type â€˜[01m[KBT::NodeStatus[m[Kâ€™ [[01;35m[K]8;;https://gcc.gnu.org/onlinedocs/gcc/Warning-Options.html#index-Wformat=-Wformat=]8;;[m[K]
[18.174s]    68 |         RCLCPP_INFO(rclcpp::get_logger("root"), [01;35m[K"BT Status: %d"[m[K, [32m[Kstatus[m[K);
[18.174s]       |                                                 [01;35m[K^~~~~~~~~~~~~~~[m[K  [32m[K~~~~~~[m[K
[18.175s]       |                                                                  [32m[K|[m[K
[18.176s]       |                                                                  [32m[KBT::NodeStatus[m[K
[18.177s] [01m[K/home/denis/diploma_ws/src/bt/src/sensors_bt.cpp:68:62:[m[K [01;36m[Knote: [m[Kformat string is defined here
[18.177s]    68 |         RCLCPP_INFO(rclcpp::get_logger("root"), "BT Status: [01;36m[K%d[m[K", status);
[18.177s]       |                                                             [01;36m[K~^[m[K
[18.177s]       |                                                              [01;36m[K|[m[K
[18.177s]       |                                                              [01;36m[Kint[m[K
[18.439s] In file included from [01m[K/opt/ros/humble/include/rclcpp/rclcpp/logging.hpp:24[m[K,
[18.439s]                  from [01m[K/opt/ros/humble/include/rclcpp/rclcpp/client.hpp:40[m[K,
[18.440s]                  from [01m[K/opt/ros/humble/include/rclcpp/rclcpp/callback_group.hpp:24[m[K,
[18.440s]                  from [01m[K/opt/ros/humble/include/rclcpp/rclcpp/any_executable.hpp:20[m[K,
[18.440s]                  from [01m[K/opt/ros/humble/include/rclcpp/rclcpp/memory_strategy.hpp:25[m[K,
[18.440s]                  from [01m[K/opt/ros/humble/include/rclcpp/rclcpp/memory_strategies.hpp:18[m[K,
[18.440s]                  from [01m[K/opt/ros/humble/include/rclcpp/rclcpp/executor_options.hpp:20[m[K,
[18.440s]                  from [01m[K/opt/ros/humble/include/rclcpp/rclcpp/executor.hpp:37[m[K,
[18.441s]                  from [01m[K/opt/ros/humble/include/rclcpp/rclcpp/executors/multi_threaded_executor.hpp:25[m[K,
[18.441s]                  from [01m[K/opt/ros/humble/include/rclcpp/rclcpp/executors.hpp:21[m[K,
[18.441s]                  from [01m[K/opt/ros/humble/include/rclcpp/rclcpp/rclcpp.hpp:155[m[K,
[18.441s]                  from [01m[K/home/denis/diploma_ws/src/bt/include/bt/imu_check.hpp:6[m[K,
[18.441s]                  from [01m[K/home/denis/diploma_ws/src/bt/src/imu_bt.cpp:1[m[K:
[18.441s] [01m[K/home/denis/diploma_ws/src/bt/src/imu_bt.cpp:[m[K In function â€˜[01m[Kint main(int, const char**)[m[Kâ€™:
[18.442s] [01m[K/home/denis/diploma_ws/src/bt/src/imu_bt.cpp:56:49:[m[K [01;35m[Kwarning: [m[Kformat â€˜[01m[K%d[m[Kâ€™ expects argument of type â€˜[01m[Kint[m[Kâ€™, but argument 5 has type â€˜[01m[KBT::NodeStatus[m[Kâ€™ [[01;35m[K]8;;https://gcc.gnu.org/onlinedocs/gcc/Warning-Options.html#index-Wformat=-Wformat=]8;;[m[K]
[18.442s]    56 |         RCLCPP_INFO(rclcpp::get_logger("root"), [01;35m[K"BT Status: %d"[m[K, [32m[Kstatus[m[K);
[18.442s]       |                                                 [01;35m[K^~~~~~~~~~~~~~~[m[K  [32m[K~~~~~~[m[K
[18.442s]       |                                                                  [32m[K|[m[K
[18.442s]       |                                                                  [32m[KBT::NodeStatus[m[K
[18.443s] [01m[K/home/denis/diploma_ws/src/bt/src/imu_bt.cpp:56:62:[m[K [01;36m[Knote: [m[Kformat string is defined here
[18.443s]    56 |         RCLCPP_INFO(rclcpp::get_logger("root"), "BT Status: [01;36m[K%d[m[K", status);
[18.443s]       |                                                             [01;36m[K~^[m[K
[18.443s]       |                                                              [01;36m[K|[m[K
[18.443s]       |                                                              [01;36m[Kint[m[K
[19.385s] In file included from [01m[K/opt/ros/humble/include/rclcpp/rclcpp/logging.hpp:24[m[K,
[19.386s]                  from [01m[K/opt/ros/humble/include/rclcpp/rclcpp/client.hpp:40[m[K,
[19.386s]                  from [01m[K/opt/ros/humble/include/rclcpp/rclcpp/callback_group.hpp:24[m[K,
[19.386s]                  from [01m[K/opt/ros/humble/include/rclcpp/rclcpp/any_executable.hpp:20[m[K,
[19.386s]                  from [01m[K/opt/ros/humble/include/rclcpp/rclcpp/memory_strategy.hpp:25[m[K,
[19.386s]                  from [01m[K/opt/ros/humble/include/rclcpp/rclcpp/memory_strategies.hpp:18[m[K,
[19.386s]                  from [01m[K/opt/ros/humble/include/rclcpp/rclcpp/executor_options.hpp:20[m[K,
[19.387s]                  from [01m[K/opt/ros/humble/include/rclcpp/rclcpp/executor.hpp:37[m[K,
[19.387s]                  from [01m[K/opt/ros/humble/include/rclcpp/rclcpp/executors/multi_threaded_executor.hpp:25[m[K,
[19.387s]                  from [01m[K/opt/ros/humble/include/rclcpp/rclcpp/executors.hpp:21[m[K,
[19.387s]                  from [01m[K/opt/ros/humble/include/rclcpp/rclcpp/rclcpp.hpp:155[m[K,
[19.387s]                  from [01m[K/home/denis/diploma_ws/src/bt/include/bt/lidar_check.hpp:6[m[K,
[19.388s]                  from [01m[K/home/denis/diploma_ws/src/bt/src/lidar_bt.cpp:1[m[K:
[19.388s] [01m[K/home/denis/diploma_ws/src/bt/src/lidar_bt.cpp:[m[K In function â€˜[01m[Kint main(int, const char**)[m[Kâ€™:
[19.388s] [01m[K/home/denis/diploma_ws/src/bt/src/lidar_bt.cpp:56:49:[m[K [01;35m[Kwarning: [m[Kformat â€˜[01m[K%d[m[Kâ€™ expects argument of type â€˜[01m[Kint[m[Kâ€™, but argument 5 has type â€˜[01m[KBT::NodeStatus[m[Kâ€™ [[01;35m[K]8;;https://gcc.gnu.org/onlinedocs/gcc/Warning-Options.html#index-Wformat=-Wformat=]8;;[m[K]
[19.388s]    56 |         RCLCPP_INFO(rclcpp::get_logger("root"), [01;35m[K"BT Status: %d"[m[K, [32m[Kstatus[m[K);
[19.388s]       |                                                 [01;35m[K^~~~~~~~~~~~~~~[m[K  [32m[K~~~~~~[m[K
[19.389s]       |                                                                  [32m[K|[m[K
[19.389s]       |                                                                  [32m[KBT::NodeStatus[m[K
[19.389s] [01m[K/home/denis/diploma_ws/src/bt/src/lidar_bt.cpp:56:62:[m[K [01;36m[Knote: [m[Kformat string is defined here
[19.389s]    56 |         RCLCPP_INFO(rclcpp::get_logger("root"), "BT Status: [01;36m[K%d[m[K", status);
[19.389s]       |                                                             [01;36m[K~^[m[K
[19.389s]       |                                                              [01;36m[K|[m[K
[19.390s]       |                                                              [01;36m[Kint[m[K
[31.890s] [ 50%] [32m[1mLinking CXX executable odom_bt[0m
[32.223s] [ 60%] [32m[1mLinking CXX executable sensors_bt[0m
[33.478s] [ 60%] Built target odom_bt
[33.656s] [ 70%] [32m[1mLinking CXX executable imu_bt[0m
[33.676s] [ 80%] [32mBuilding CXX object CMakeFiles/battery_bt.dir/src/battery_bt.cpp.o[0m
[33.955s] [ 80%] Built target sensors_bt
[34.340s] [ 90%] [32m[1mLinking CXX executable lidar_bt[0m
[34.843s] [ 90%] Built target imu_bt
[35.836s] [ 90%] Built target lidar_bt
[40.525s] In file included from [01m[K/home/denis/diploma_ws/src/bt/src/battery_bt.cpp:1[m[K:
[40.526s] [01m[K/home/denis/diploma_ws/src/bt/include/bt/battery_check.hpp:127:24:[m[K [01;31m[Kerror: [m[Kâ€˜[01m[Kbt_msgs[m[Kâ€™ was not declared in this scope; did you mean â€˜[01m[Kstd_msgs[m[Kâ€™?
[40.526s]   127 |         rclcpp::Client<[01;31m[Kbt_msgs[m[K::srv::GetDistance>::SharedPtr get_goal_distance_srv_cli;
[40.526s]       |                        [01;31m[K^~~~~~~[m[K
[40.526s]       |                        [32m[Kstd_msgs[m[K
[40.526s] [01m[K/home/denis/diploma_ws/src/bt/include/bt/battery_check.hpp:127:49:[m[K [01;31m[Kerror: [m[Ktemplate argument 1 is invalid
[40.527s]   127 |         rclcpp::Client<bt_msgs::srv::GetDistance[01;31m[K>[m[K::SharedPtr get_goal_distance_srv_cli;
[40.527s]       |                                                 [01;31m[K^[m[K
[40.527s] [01m[K/home/denis/diploma_ws/src/bt/include/bt/battery_check.hpp:127:52:[m[K [01;31m[Kerror: [m[Kexpected â€˜[01m[K;[m[Kâ€™ at end of member declaration
[40.527s]   127 |         rclcpp::Client<bt_msgs::srv::GetDistance>::[01;31m[KSharedPtr[m[K get_goal_distance_srv_cli;
[40.528s]       |                                                    [01;31m[K^~~~~~~~~[m[K
[40.528s]       |                                                             [32m[K;[m[K
[40.535s] [01m[K/home/denis/diploma_ws/src/bt/include/bt/battery_check.hpp:127:62:[m[K [01;31m[Kerror: [m[Kâ€˜[01m[Kget_goal_distance_srv_cli[m[Kâ€™ does not name a type
[40.535s]   127 |         rclcpp::Client<bt_msgs::srv::GetDistance>::SharedPtr [01;31m[Kget_goal_distance_srv_cli[m[K;
[40.535s]       |                                                              [01;31m[K^~~~~~~~~~~~~~~~~~~~~~~~~[m[K
[40.545s] [01m[K/home/denis/diploma_ws/src/bt/include/bt/battery_check.hpp:128:24:[m[K [01;31m[Kerror: [m[Kâ€˜[01m[Kbt_msgs[m[Kâ€™ was not declared in this scope; did you mean â€˜[01m[Kstd_msgs[m[Kâ€™?
[40.545s]   128 |         rclcpp::Client<[01;31m[Kbt_msgs[m[K::srv::GetCharge>::SharedPtr get_battery_level_srv_cli;
[40.545s]       |                        [01;31m[K^~~~~~~[m[K
[40.545s]       |                        [32m[Kstd_msgs[m[K
[40.545s] [01m[K/home/denis/diploma_ws/src/bt/include/bt/battery_check.hpp:128:47:[m[K [01;31m[Kerror: [m[Ktemplate argument 1 is invalid
[40.546s]   128 |         rclcpp::Client<bt_msgs::srv::GetCharge[01;31m[K>[m[K::SharedPtr get_battery_level_srv_cli;
[40.546s]       |                                               [01;31m[K^[m[K
[40.546s] [01m[K/home/denis/diploma_ws/src/bt/include/bt/battery_check.hpp:128:50:[m[K [01;31m[Kerror: [m[Kexpected â€˜[01m[K;[m[Kâ€™ at end of member declaration
[40.546s]   128 |         rclcpp::Client<bt_msgs::srv::GetCharge>::[01;31m[KSharedPtr[m[K get_battery_level_srv_cli;
[40.546s]       |                                                  [01;31m[K^~~~~~~~~[m[K
[40.546s]       |                                                           [32m[K;[m[K
[40.547s] [01m[K/home/denis/diploma_ws/src/bt/include/bt/battery_check.hpp:128:50:[m[K [01;31m[Kerror: [m[Kredeclaration of â€˜[01m[Kint BatteryCheck::SharedPtr[m[Kâ€™
[40.547s] [01m[K/home/denis/diploma_ws/src/bt/include/bt/battery_check.hpp:127:52:[m[K [01;36m[Knote: [m[Kprevious declaration â€˜[01m[Kint BatteryCheck::SharedPtr[m[Kâ€™
[40.547s]   127 |         rclcpp::Client<bt_msgs::srv::GetDistance>::[01;36m[KSharedPtr[m[K get_goal_distance_srv_cli;
[40.547s]       |                                                    [01;36m[K^~~~~~~~~[m[K
[40.552s] [01m[K/home/denis/diploma_ws/src/bt/include/bt/battery_check.hpp:128:60:[m[K [01;31m[Kerror: [m[Kâ€˜[01m[Kget_battery_level_srv_cli[m[Kâ€™ does not name a type
[40.552s]   128 |         rclcpp::Client<bt_msgs::srv::GetCharge>::SharedPtr [01;31m[Kget_battery_level_srv_cli[m[K;
[40.552s]       |                                                            [01;31m[K^~~~~~~~~~~~~~~~~~~~~~~~~[m[K
[40.561s] [01m[K/home/denis/diploma_ws/src/bt/include/bt/battery_check.hpp:130:25:[m[K [01;31m[Kerror: [m[Kâ€˜[01m[Kbt_msgs[m[Kâ€™ was not declared in this scope; did you mean â€˜[01m[Kstd_msgs[m[Kâ€™?
[40.561s]   130 |         std::shared_ptr<[01;31m[Kbt_msgs[m[K::srv::GetDistance::Request> get_goal_distance_req;
[40.561s]       |                         [01;31m[K^~~~~~~[m[K
[40.561s]       |                         [32m[Kstd_msgs[m[K
[40.561s] [01m[K/home/denis/diploma_ws/src/bt/include/bt/battery_check.hpp:130:59:[m[K [01;31m[Kerror: [m[Ktemplate argument 1 is invalid
[40.562s]   130 |         std::shared_ptr<bt_msgs::srv::GetDistance::Request[01;31m[K>[m[K get_goal_distance_req;
[40.562s]       |                                                           [01;31m[K^[m[K
[40.569s] [01m[K/home/denis/diploma_ws/src/bt/include/bt/battery_check.hpp:131:25:[m[K [01;31m[Kerror: [m[Kâ€˜[01m[Kbt_msgs[m[Kâ€™ was not declared in this scope; did you mean â€˜[01m[Kstd_msgs[m[Kâ€™?
[40.569s]   131 |         std::shared_ptr<[01;31m[Kbt_msgs[m[K::srv::GetCharge::Request> get_battery_level_req;
[40.569s]       |                         [01;31m[K^~~~~~~[m[K
[40.569s]       |                         [32m[Kstd_msgs[m[K
[40.569s] [01m[K/home/denis/diploma_ws/src/bt/include/bt/battery_check.hpp:131:57:[m[K [01;31m[Kerror: [m[Ktemplate argument 1 is invalid
[40.570s]   131 |         std::shared_ptr<bt_msgs::srv::GetCharge::Request[01;31m[K>[m[K get_battery_level_req;
[40.570s]       |                                                         [01;31m[K^[m[K
[40.579s] In file included from [01m[K/home/denis/diploma_ws/src/bt/src/battery_bt.cpp:1[m[K:
[40.579s] [01m[K/home/denis/diploma_ws/src/bt/include/bt/battery_check.hpp:[m[K In constructor â€˜[01m[KBatteryCheck::BatteryCheck(const string&)[m[Kâ€™:
[40.579s] [01m[K/home/denis/diploma_ws/src/bt/include/bt/battery_check.hpp:19:13:[m[K [01;31m[Kerror: [m[Kâ€˜[01m[Kget_goal_distance_srv_cli[m[Kâ€™ was not declared in this scope; did you mean â€˜[01m[Kget_goal_distance_srv_call[m[Kâ€™?
[40.579s]    19 |             [01;31m[Kget_goal_distance_srv_cli[m[K = node->create_client<dms_interfaces::srv::GetGoalDistance>("get_goal_distance");
[40.580s]       |             [01;31m[K^~~~~~~~~~~~~~~~~~~~~~~~~[m[K
[40.580s]       |             [32m[Kget_goal_distance_srv_call[m[K
[40.684s] [01m[K/home/denis/diploma_ws/src/bt/include/bt/battery_check.hpp:20:13:[m[K [01;31m[Kerror: [m[Kâ€˜[01m[Kget_battery_level_srv_cli[m[Kâ€™ was not declared in this scope; did you mean â€˜[01m[Kget_battery_level_srv_call[m[Kâ€™?
[40.684s]    20 |             [01;31m[Kget_battery_level_srv_cli[m[K = node->create_client<dms_interfaces::srv::GetBatteryLevel>("get_battery_level_service");
[40.684s]       |             [01;31m[K^~~~~~~~~~~~~~~~~~~~~~~~~[m[K
[40.684s]       |             [32m[Kget_battery_level_srv_call[m[K
[40.766s] In file included from [01m[K/home/denis/diploma_ws/src/bt/src/battery_bt.cpp:1[m[K:
[40.766s] [01m[K/home/denis/diploma_ws/src/bt/include/bt/battery_check.hpp:22:100:[m[K [01;31m[Kerror: [m[Kcannot convert â€˜[01m[Kstd::shared_ptr<dms_interfaces::srv::GetGoalDistance_Request_<std::allocator<void> > >[m[Kâ€™ to â€˜[01m[Kint[m[Kâ€™ in assignment
[40.767s]    22 |             get_goal_distance_req = [01;31m[Kstd::make_shared<dms_interfaces::srv::GetGoalDistance::Request>()[m[K;
[40.767s]       |                                     [01;31m[K~~~~~~~~~~~~~~~~~~~~~~~~~~~~~~~~~~~~~~~~~~~~~~~~~~~~~~~~~~~~~~~^~[m[K
[40.767s]       |                                                                                                    [01;31m[K|[m[K
[40.767s]       |                                                                                                    [01;31m[Kstd::shared_ptr<dms_interfaces::srv::GetGoalDistance_Request_<std::allocator<void> > >[m[K
[40.767s] [01m[K/home/denis/diploma_ws/src/bt/include/bt/battery_check.hpp:23:100:[m[K [01;31m[Kerror: [m[Kcannot convert â€˜[01m[Kstd::shared_ptr<dms_interfaces::srv::GetBatteryLevel_Request_<std::allocator<void> > >[m[Kâ€™ to â€˜[01m[Kint[m[Kâ€™ in assignment
[40.767s]    23 |             get_battery_level_req = [01;31m[Kstd::make_shared<dms_interfaces::srv::GetBatteryLevel::Request>()[m[K;
[40.768s]       |                                     [01;31m[K~~~~~~~~~~~~~~~~~~~~~~~~~~~~~~~~~~~~~~~~~~~~~~~~~~~~~~~~~~~~~~~^~[m[K
[40.768s]       |                                                                                                    [01;31m[K|[m[K
[40.768s]       |                                                                                                    [01;31m[Kstd::shared_ptr<dms_interfaces::srv::GetBatteryLevel_Request_<std::allocator<void> > >[m[K
[40.779s] [01m[K/home/denis/diploma_ws/src/bt/include/bt/battery_check.hpp:25:13:[m[K [01;31m[Kerror: [m[Kâ€˜[01m[Kexpected_cmd_vel[m[Kâ€™ was not declared in this scope; did you mean â€˜[01m[Kexpected_speed[m[Kâ€™?
[40.779s]    25 |             [01;31m[Kexpected_cmd_vel[m[K = 0.2;
[40.780s]       |             [01;31m[K^~~~~~~~~~~~~~~~[m[K
[40.780s]       |             [32m[Kexpected_speed[m[K
[40.781s] [01m[K/home/denis/diploma_ws/src/bt/include/bt/battery_check.hpp:[m[K In member function â€˜[01m[Kbool BatteryCheck::get_goal_distance_srv_call(float&)[m[Kâ€™:
[40.781s] [01m[K/home/denis/diploma_ws/src/bt/include/bt/battery_check.hpp:36:40:[m[K [01;31m[Kerror: [m[Kcannot convert â€˜[01m[KBT::NodeStatus[m[Kâ€™ to â€˜[01m[Kbool[m[Kâ€™ in return
[40.781s]    36 |                 return BT::NodeStatus::[01;31m[KFAILURE[m[K;
[40.781s]       |                                        [01;31m[K^~~~~~~[m[K
[40.793s] [01m[K/home/denis/diploma_ws/src/bt/include/bt/battery_check.hpp:38:18:[m[K [01;31m[Kerror: [m[Kâ€˜[01m[Kservice_client[m[Kâ€™ was not declared in this scope
[40.793s]    38 |             if (![01;31m[Kservice_client[m[K->wait_for_service(std::chrono::milliseconds(500)))
[40.793s]       |                  [01;31m[K^~~~~~~~~~~~~~[m[K
[40.794s] [01m[K/home/denis/diploma_ws/src/bt/include/bt/battery_check.hpp:41:40:[m[K [01;31m[Kerror: [m[Kcannot convert â€˜[01m[KBT::NodeStatus[m[Kâ€™ to â€˜[01m[Kbool[m[Kâ€™ in return
[40.794s]    41 |                 return BT::NodeStatus::[01;31m[KFAILURE[m[K;
[40.794s]       |                                        [01;31m[K^~~~~~~[m[K
[40.803s] [01m[K/home/denis/diploma_ws/src/bt/include/bt/battery_check.hpp:44:27:[m[K [01;31m[Kerror: [m[Kâ€˜[01m[Kget_goal_distance_srv_cli[m[Kâ€™ was not declared in this scope; did you mean â€˜[01m[Kget_goal_distance_srv_call[m[Kâ€™?
[40.803s]    44 |             auto result = [01;31m[Kget_goal_distance_srv_cli[m[K->async_send_request(get_goal_distance_req);
[40.803s]       |                           [01;31m[K^~~~~~~~~~~~~~~~~~~~~~~~~[m[K
[40.803s]       |                           [32m[Kget_goal_distance_srv_call[m[K
[40.805s] [01m[K/home/denis/diploma_ws/src/bt/include/bt/battery_check.hpp:[m[K In member function â€˜[01m[Kbool BatteryCheck::get_battery_level_srv_call(float&, float&, float&)[m[Kâ€™:
[40.805s] [01m[K/home/denis/diploma_ws/src/bt/include/bt/battery_check.hpp:62:40:[m[K [01;31m[Kerror: [m[Kcannot convert â€˜[01m[KBT::NodeStatus[m[Kâ€™ to â€˜[01m[Kbool[m[Kâ€™ in return
[40.805s]    62 |                 return BT::NodeStatus::[01;31m[KFAILURE[m[K;
[40.805s]       |                                        [01;31m[K^~~~~~~[m[K
[40.819s] [01m[K/home/denis/diploma_ws/src/bt/include/bt/battery_check.hpp:64:18:[m[K [01;31m[Kerror: [m[Kâ€˜[01m[Kservice_client[m[Kâ€™ was not declared in this scope
[40.819s]    64 |             if (![01;31m[Kservice_client[m[K->wait_for_service(std::chrono::milliseconds(500)))
[40.819s]       |                  [01;31m[K^~~~~~~~~~~~~~[m[K
[40.819s] [01m[K/home/denis/diploma_ws/src/bt/include/bt/battery_check.hpp:67:40:[m[K [01;31m[Kerror: [m[Kcannot convert â€˜[01m[KBT::NodeStatus[m[Kâ€™ to â€˜[01m[Kbool[m[Kâ€™ in return
[40.820s]    67 |                 return BT::NodeStatus::[01;31m[KFAILURE[m[K;
[40.820s]       |                                        [01;31m[K^~~~~~~[m[K
[40.833s] [01m[K/home/denis/diploma_ws/src/bt/include/bt/battery_check.hpp:70:27:[m[K [01;31m[Kerror: [m[Kâ€˜[01m[Kget_battery_level_srv_cli[m[Kâ€™ was not declared in this scope; did you mean â€˜[01m[Kget_battery_level_srv_call[m[Kâ€™?
[40.833s]    70 |             auto result = [01;31m[Kget_battery_level_srv_cli[m[K->async_send_request(get_battery_level_req);
[40.833s]       |                           [01;31m[K^~~~~~~~~~~~~~~~~~~~~~~~~[m[K
[40.834s]       |                           [32m[Kget_battery_level_srv_call[m[K
[40.853s] [01m[K/home/denis/diploma_ws/src/bt/include/bt/battery_check.hpp:[m[K In member function â€˜[01m[Kvirtual BT::NodeStatus BatteryCheck::tick()[m[Kâ€™:
[40.853s] [01m[K/home/denis/diploma_ws/src/bt/include/bt/battery_check.hpp:87:18:[m[K [01;31m[Kerror: [m[Kâ€˜[01m[Kdistance_service_call[m[Kâ€™ was not declared in this scope
[40.853s]    87 |             if (![01;31m[Kdistance_service_call[m[K(goal_distance))
[40.854s]       |                  [01;31m[K^~~~~~~~~~~~~~~~~~~~~[m[K
[40.870s] [01m[K/home/denis/diploma_ws/src/bt/include/bt/battery_check.hpp:99:18:[m[K [01;31m[Kerror: [m[Kâ€˜[01m[Kcharge_service_call[m[Kâ€™ was not declared in this scope
[40.870s]    99 |             if (![01;31m[Kcharge_service_call[m[K(charge, idle_consumption, drive_consumption))
[40.871s]       |                  [01;31m[K^~~~~~~~~~~~~~~~~~~[m[K
[40.884s] [01m[K/home/denis/diploma_ws/src/bt/include/bt/battery_check.hpp:107:51:[m[K [01;31m[Kerror: [m[Kâ€˜[01m[Kexpected_cmd_vel[m[Kâ€™ was not declared in this scope; did you mean â€˜[01m[Kexpected_speed[m[Kâ€™?
[40.885s]   107 |             float expected_time = goal_distance / [01;31m[Kexpected_cmd_vel[m[K;
[40.885s]       |                                                   [01;31m[K^~~~~~~~~~~~~~~~[m[K
[40.885s]       |                                                   [32m[Kexpected_speed[m[K
[41.484s] In file included from [01m[K/opt/ros/humble/include/rclcpp/rclcpp/logging.hpp:24[m[K,
[41.485s]                  from [01m[K/opt/ros/humble/include/rclcpp/rclcpp/client.hpp:40[m[K,
[41.485s]                  from [01m[K/opt/ros/humble/include/rclcpp/rclcpp/callback_group.hpp:24[m[K,
[41.485s]                  from [01m[K/opt/ros/humble/include/rclcpp/rclcpp/any_executable.hpp:20[m[K,
[41.485s]                  from [01m[K/opt/ros/humble/include/rclcpp/rclcpp/memory_strategy.hpp:25[m[K,
[41.485s]                  from [01m[K/opt/ros/humble/include/rclcpp/rclcpp/memory_strategies.hpp:18[m[K,
[41.485s]                  from [01m[K/opt/ros/humble/include/rclcpp/rclcpp/executor_options.hpp:20[m[K,
[41.485s]                  from [01m[K/opt/ros/humble/include/rclcpp/rclcpp/executor.hpp:37[m[K,
[41.486s]                  from [01m[K/opt/ros/humble/include/rclcpp/rclcpp/executors/multi_threaded_executor.hpp:25[m[K,
[41.486s]                  from [01m[K/opt/ros/humble/include/rclcpp/rclcpp/executors.hpp:21[m[K,
[41.486s]                  from [01m[K/opt/ros/humble/include/rclcpp/rclcpp/rclcpp.hpp:155[m[K,
[41.486s]                  from [01m[K/home/denis/diploma_ws/src/bt/include/bt/battery_check.hpp:4[m[K,
[41.486s]                  from [01m[K/home/denis/diploma_ws/src/bt/src/battery_bt.cpp:1[m[K:
[41.486s] [01m[K/home/denis/diploma_ws/src/bt/src/battery_bt.cpp:[m[K In function â€˜[01m[Kint main(int, const char**)[m[Kâ€™:
[41.486s] [01m[K/home/denis/diploma_ws/src/bt/src/battery_bt.cpp:48:49:[m[K [01;35m[Kwarning: [m[Kformat â€˜[01m[K%d[m[Kâ€™ expects argument of type â€˜[01m[Kint[m[Kâ€™, but argument 5 has type â€˜[01m[KBT::NodeStatus[m[Kâ€™ [[01;35m[K]8;;https://gcc.gnu.org/onlinedocs/gcc/Warning-Options.html#index-Wformat=-Wformat=]8;;[m[K]
[41.487s]    48 |         RCLCPP_INFO(rclcpp::get_logger("root"), [01;35m[K"BT Status: %d"[m[K, [32m[Kstatus[m[K);
[41.487s]       |                                                 [01;35m[K^~~~~~~~~~~~~~~[m[K  [32m[K~~~~~~[m[K
[41.487s]       |                                                                  [32m[K|[m[K
[41.487s]       |                                                                  [32m[KBT::NodeStatus[m[K
[41.487s] [01m[K/home/denis/diploma_ws/src/bt/src/battery_bt.cpp:48:62:[m[K [01;36m[Knote: [m[Kformat string is defined here
[41.487s]    48 |         RCLCPP_INFO(rclcpp::get_logger("root"), "BT Status: [01;36m[K%d[m[K", status);
[41.488s]       |                                                             [01;36m[K~^[m[K
[41.488s]       |                                                              [01;36m[K|[m[K
[41.488s]       |                                                              [01;36m[Kint[m[K
[44.197s] gmake[2]: *** [CMakeFiles/battery_bt.dir/build.make:76: CMakeFiles/battery_bt.dir/src/battery_bt.cpp.o] Error 1
[44.197s] gmake[1]: *** [CMakeFiles/Makefile2:249: CMakeFiles/battery_bt.dir/all] Error 2
[44.197s] gmake: *** [Makefile:146: all] Error 2
[44.200s] Invoked command in '/home/denis/diploma_ws/build/bt' returned '2': CMAKE_PREFIX_PATH=/home/denis/diploma_ws/install/dms_interfaces:/home/denis/diploma_ws/install/behaviortree_cpp_v3:/home/denis/diploma_ws/install/turtlebot3_simulations:/home/denis/diploma_ws/install/turtlebot3_navigation2:/home/denis/diploma_ws/install/turtlebot3_gazebo:/home/denis/diploma_ws/install/turtlebot3_fake_node:/home/denis/diploma_ws/install/ssu:/home/denis/diploma_ws/install/nspu:/home/denis/diploma_ws/install/nav2_bringup:/home/denis/diploma_ws/install/groot:/home/denis/diploma_ws/install/fsu:/home/denis/diploma_ws/install/csu:/home/denis/diploma_ws/install/bsu:/home/denis/diploma_ws/install/btcpp_ros2_samples:/home/denis/diploma_ws/install/btcpp_ros2_interfaces:/home/denis/diploma_ws/install/bt:/home/denis/diploma_ws/install/behaviortree_ros2:/home/denis/diploma_ws/install/behaviortree_cpp:/opt/ros/humble LD_LIBRARY_PATH=/home/denis/diploma_ws/install/dms_interfaces/lib:/home/denis/diploma_ws/install/behaviortree_cpp_v3/lib:/home/denis/diploma_ws/install/groot/lib:/home/denis/diploma_ws/install/btcpp_ros2_interfaces/lib:/home/denis/diploma_ws/install/behaviortree_cpp/lib:/usr/lib/x86_64-linux-gnu/gazebo-11/plugins:/opt/ros/humble/opt/rviz_ogre_vendor/lib:/opt/ros/humble/lib/x86_64-linux-gnu:/opt/ros/humble/lib /usr/bin/cmake --build /home/denis/diploma_ws/build/bt -- -j4 -l4
