[0.088s] Invoking command in '/home/denis/diploma_ws/build/bt': CMAKE_PREFIX_PATH=/home/denis/diploma_ws/install/dms_interfaces:/home/denis/diploma_ws/install/behaviortree_cpp_v3:/home/denis/diploma_ws/install/turtlebot3_simulations:/home/denis/diploma_ws/install/turtlebot3_navigation2:/home/denis/diploma_ws/install/turtlebot3_gazebo:/home/denis/diploma_ws/install/turtlebot3_fake_node:/home/denis/diploma_ws/install/ssu:/home/denis/diploma_ws/install/nspu:/home/denis/diploma_ws/install/nav2_bringup:/home/denis/diploma_ws/install/groot:/home/denis/diploma_ws/install/fsu:/home/denis/diploma_ws/install/csu:/home/denis/diploma_ws/install/bsu:/home/denis/diploma_ws/install/btcpp_ros2_samples:/home/denis/diploma_ws/install/btcpp_ros2_interfaces:/home/denis/diploma_ws/install/bt:/home/denis/diploma_ws/install/behaviortree_ros2:/home/denis/diploma_ws/install/behaviortree_cpp:/opt/ros/humble LD_LIBRARY_PATH=/home/denis/diploma_ws/install/dms_interfaces/lib:/home/denis/diploma_ws/install/behaviortree_cpp_v3/lib:/home/denis/diploma_ws/install/groot/lib:/home/denis/diploma_ws/install/btcpp_ros2_interfaces/lib:/home/denis/diploma_ws/install/behaviortree_cpp/lib:/usr/lib/x86_64-linux-gnu/gazebo-11/plugins:/opt/ros/humble/opt/rviz_ogre_vendor/lib:/opt/ros/humble/lib/x86_64-linux-gnu:/opt/ros/humble/lib /usr/bin/cmake --build /home/denis/diploma_ws/build/bt -- -j4 -l4
[0.362s] [ 20%] Built target odom_bt
[0.375s] [ 40%] Built target lidar_bt
[0.396s] [ 60%] Built target sensors_bt
[0.400s] [ 80%] Built target imu_bt
[0.459s] [35m[1mConsolidate compiler generated dependencies of target battery_bt[0m
[0.567s] [ 90%] [32mBuilding CXX object CMakeFiles/battery_bt.dir/src/battery_bt.cpp.o[0m
[5.733s] In file included from [01m[K/home/denis/diploma_ws/src/bt/src/battery_bt.cpp:1[m[K:
[5.734s] [01m[K/home/denis/diploma_ws/src/bt/include/bt/battery_check.hpp:[m[K In member function â€˜[01m[Kbool BatteryCheck::get_goal_distance_srv_call(float&)[m[Kâ€™:
[5.734s] [01m[K/home/denis/diploma_ws/src/bt/include/bt/battery_check.hpp:36:40:[m[K [01;31m[Kerror: [m[Kcannot convert â€˜[01m[KBT::NodeStatus[m[Kâ€™ to â€˜[01m[Kbool[m[Kâ€™ in return
[5.734s]    36 |                 return BT::NodeStatus::[01;31m[KFAILURE[m[K;
[5.734s]       |                                        [01;31m[K^~~~~~~[m[K
[5.753s] [01m[K/home/denis/diploma_ws/src/bt/include/bt/battery_check.hpp:38:18:[m[K [01;31m[Kerror: [m[Kâ€˜[01m[Kservice_client[m[Kâ€™ was not declared in this scope
[5.753s]    38 |             if (![01;31m[Kservice_client[m[K->wait_for_service(std::chrono::milliseconds(500)))
[5.754s]       |                  [01;31m[K^~~~~~~~~~~~~~[m[K
[5.756s] [01m[K/home/denis/diploma_ws/src/bt/include/bt/battery_check.hpp:41:40:[m[K [01;31m[Kerror: [m[Kcannot convert â€˜[01m[KBT::NodeStatus[m[Kâ€™ to â€˜[01m[Kbool[m[Kâ€™ in return
[5.757s]    41 |                 return BT::NodeStatus::[01;31m[KFAILURE[m[K;
[5.757s]       |                                        [01;31m[K^~~~~~~[m[K
[5.764s] [01m[K/home/denis/diploma_ws/src/bt/include/bt/battery_check.hpp:[m[K In member function â€˜[01m[Kbool BatteryCheck::get_battery_level_srv_call(float&, float&, float&)[m[Kâ€™:
[5.765s] [01m[K/home/denis/diploma_ws/src/bt/include/bt/battery_check.hpp:62:40:[m[K [01;31m[Kerror: [m[Kcannot convert â€˜[01m[KBT::NodeStatus[m[Kâ€™ to â€˜[01m[Kbool[m[Kâ€™ in return
[5.765s]    62 |                 return BT::NodeStatus::[01;31m[KFAILURE[m[K;
[5.765s]       |                                        [01;31m[K^~~~~~~[m[K
[5.778s] [01m[K/home/denis/diploma_ws/src/bt/include/bt/battery_check.hpp:64:18:[m[K [01;31m[Kerror: [m[Kâ€˜[01m[Kservice_client[m[Kâ€™ was not declared in this scope
[5.778s]    64 |             if (![01;31m[Kservice_client[m[K->wait_for_service(std::chrono::milliseconds(500)))
[5.779s]       |                  [01;31m[K^~~~~~~~~~~~~~[m[K
[5.779s] [01m[K/home/denis/diploma_ws/src/bt/include/bt/battery_check.hpp:67:40:[m[K [01;31m[Kerror: [m[Kcannot convert â€˜[01m[KBT::NodeStatus[m[Kâ€™ to â€˜[01m[Kbool[m[Kâ€™ in return
[5.779s]    67 |                 return BT::NodeStatus::[01;31m[KFAILURE[m[K;
[5.779s]       |                                        [01;31m[K^~~~~~~[m[K
[5.804s] [01m[K/home/denis/diploma_ws/src/bt/include/bt/battery_check.hpp:[m[K In member function â€˜[01m[Kvirtual BT::NodeStatus BatteryCheck::tick()[m[Kâ€™:
[5.804s] [01m[K/home/denis/diploma_ws/src/bt/include/bt/battery_check.hpp:87:18:[m[K [01;31m[Kerror: [m[Kâ€˜[01m[Kdistance_service_call[m[Kâ€™ was not declared in this scope
[5.804s]    87 |             if (![01;31m[Kdistance_service_call[m[K(goal_distance))
[5.804s]       |                  [01;31m[K^~~~~~~~~~~~~~~~~~~~~[m[K
[5.820s] [01m[K/home/denis/diploma_ws/src/bt/include/bt/battery_check.hpp:99:18:[m[K [01;31m[Kerror: [m[Kâ€˜[01m[Kcharge_service_call[m[Kâ€™ was not declared in this scope
[5.820s]    99 |             if (![01;31m[Kcharge_service_call[m[K(charge, idle_consumption, drive_consumption))
[5.821s]       |                  [01;31m[K^~~~~~~~~~~~~~~~~~~[m[K
[6.408s] In file included from [01m[K/opt/ros/humble/include/rclcpp/rclcpp/logging.hpp:24[m[K,
[6.408s]                  from [01m[K/opt/ros/humble/include/rclcpp/rclcpp/client.hpp:40[m[K,
[6.408s]                  from [01m[K/opt/ros/humble/include/rclcpp/rclcpp/callback_group.hpp:24[m[K,
[6.409s]                  from [01m[K/opt/ros/humble/include/rclcpp/rclcpp/any_executable.hpp:20[m[K,
[6.409s]                  from [01m[K/opt/ros/humble/include/rclcpp/rclcpp/memory_strategy.hpp:25[m[K,
[6.409s]                  from [01m[K/opt/ros/humble/include/rclcpp/rclcpp/memory_strategies.hpp:18[m[K,
[6.409s]                  from [01m[K/opt/ros/humble/include/rclcpp/rclcpp/executor_options.hpp:20[m[K,
[6.409s]                  from [01m[K/opt/ros/humble/include/rclcpp/rclcpp/executor.hpp:37[m[K,
[6.410s]                  from [01m[K/opt/ros/humble/include/rclcpp/rclcpp/executors/multi_threaded_executor.hpp:25[m[K,
[6.410s]                  from [01m[K/opt/ros/humble/include/rclcpp/rclcpp/executors.hpp:21[m[K,
[6.410s]                  from [01m[K/opt/ros/humble/include/rclcpp/rclcpp/rclcpp.hpp:155[m[K,
[6.410s]                  from [01m[K/home/denis/diploma_ws/src/bt/include/bt/battery_check.hpp:4[m[K,
[6.410s]                  from [01m[K/home/denis/diploma_ws/src/bt/src/battery_bt.cpp:1[m[K:
[6.410s] [01m[K/home/denis/diploma_ws/src/bt/src/battery_bt.cpp:[m[K In function â€˜[01m[Kint main(int, const char**)[m[Kâ€™:
[6.411s] [01m[K/home/denis/diploma_ws/src/bt/src/battery_bt.cpp:48:49:[m[K [01;35m[Kwarning: [m[Kformat â€˜[01m[K%d[m[Kâ€™ expects argument of type â€˜[01m[Kint[m[Kâ€™, but argument 5 has type â€˜[01m[KBT::NodeStatus[m[Kâ€™ [[01;35m[K]8;;https://gcc.gnu.org/onlinedocs/gcc/Warning-Options.html#index-Wformat=-Wformat=]8;;[m[K]
[6.411s]    48 |         RCLCPP_INFO(rclcpp::get_logger("root"), [01;35m[K"BT Status: %d"[m[K, [32m[Kstatus[m[K);
[6.411s]       |                                                 [01;35m[K^~~~~~~~~~~~~~~[m[K  [32m[K~~~~~~[m[K
[6.411s]       |                                                                  [32m[K|[m[K
[6.411s]       |                                                                  [32m[KBT::NodeStatus[m[K
[6.412s] [01m[K/home/denis/diploma_ws/src/bt/src/battery_bt.cpp:48:62:[m[K [01;36m[Knote: [m[Kformat string is defined here
[6.412s]    48 |         RCLCPP_INFO(rclcpp::get_logger("root"), "BT Status: [01;36m[K%d[m[K", status);
[6.412s]       |                                                             [01;36m[K~^[m[K
[6.412s]       |                                                              [01;36m[K|[m[K
[6.412s]       |                                                              [01;36m[Kint[m[K
[9.243s] gmake[2]: *** [CMakeFiles/battery_bt.dir/build.make:76: CMakeFiles/battery_bt.dir/src/battery_bt.cpp.o] Error 1
[9.244s] gmake[1]: *** [CMakeFiles/Makefile2:249: CMakeFiles/battery_bt.dir/all] Error 2
[9.244s] gmake: *** [Makefile:146: all] Error 2
[9.247s] Invoked command in '/home/denis/diploma_ws/build/bt' returned '2': CMAKE_PREFIX_PATH=/home/denis/diploma_ws/install/dms_interfaces:/home/denis/diploma_ws/install/behaviortree_cpp_v3:/home/denis/diploma_ws/install/turtlebot3_simulations:/home/denis/diploma_ws/install/turtlebot3_navigation2:/home/denis/diploma_ws/install/turtlebot3_gazebo:/home/denis/diploma_ws/install/turtlebot3_fake_node:/home/denis/diploma_ws/install/ssu:/home/denis/diploma_ws/install/nspu:/home/denis/diploma_ws/install/nav2_bringup:/home/denis/diploma_ws/install/groot:/home/denis/diploma_ws/install/fsu:/home/denis/diploma_ws/install/csu:/home/denis/diploma_ws/install/bsu:/home/denis/diploma_ws/install/btcpp_ros2_samples:/home/denis/diploma_ws/install/btcpp_ros2_interfaces:/home/denis/diploma_ws/install/bt:/home/denis/diploma_ws/install/behaviortree_ros2:/home/denis/diploma_ws/install/behaviortree_cpp:/opt/ros/humble LD_LIBRARY_PATH=/home/denis/diploma_ws/install/dms_interfaces/lib:/home/denis/diploma_ws/install/behaviortree_cpp_v3/lib:/home/denis/diploma_ws/install/groot/lib:/home/denis/diploma_ws/install/btcpp_ros2_interfaces/lib:/home/denis/diploma_ws/install/behaviortree_cpp/lib:/usr/lib/x86_64-linux-gnu/gazebo-11/plugins:/opt/ros/humble/opt/rviz_ogre_vendor/lib:/opt/ros/humble/lib/x86_64-linux-gnu:/opt/ros/humble/lib /usr/bin/cmake --build /home/denis/diploma_ws/build/bt -- -j4 -l4
