[0.025s] Invoking command in '/home/denis/diploma_ws/build/bt': CMAKE_PREFIX_PATH=/home/denis/diploma_ws/install/behaviortree_ros2:/home/denis/diploma_ws/install/behaviortree_cpp:/home/denis/diploma_ws/install/btcpp_ros2_samples:/home/denis/diploma_ws/install/btcpp_ros2_interfaces:/home/denis/diploma_ws/install/turtlebot3_navigation2:/home/denis/diploma_ws/install/turtlebot3_simulations:/home/denis/diploma_ws/install/turtlebot3_gazebo:/home/denis/diploma_ws/install/turtlebot3_fake_node:/home/denis/diploma_ws/install/ssu:/home/denis/diploma_ws/install/fsu:/home/denis/diploma_ws/install/csu:/home/denis/diploma_ws/install/bt:/opt/ros/humble LD_LIBRARY_PATH=/home/denis/diploma_ws/install/behaviortree_cpp/lib:/home/denis/diploma_ws/install/btcpp_ros2_interfaces/lib:/usr/lib/x86_64-linux-gnu/gazebo-11/plugins:/opt/ros/humble/opt/rviz_ogre_vendor/lib:/opt/ros/humble/lib/x86_64-linux-gnu:/opt/ros/humble/lib /usr/bin/cmake --build /home/denis/diploma_ws/build/bt -- -j4 -l4
[0.071s] -- Found ament_cmake: 1.3.8 (/opt/ros/humble/share/ament_cmake/cmake)
[0.353s] -- Found rclcpp: 16.0.8 (/opt/ros/humble/share/rclcpp/cmake)
[0.415s] -- Found rosidl_generator_c: 3.1.5 (/opt/ros/humble/share/rosidl_generator_c/cmake)
[0.420s] -- Found rosidl_adapter: 3.1.5 (/opt/ros/humble/share/rosidl_adapter/cmake)
[0.430s] -- Found rosidl_generator_cpp: 3.1.5 (/opt/ros/humble/share/rosidl_generator_cpp/cmake)
[0.457s] -- Using all available rosidl_typesupport_c: rosidl_typesupport_fastrtps_c;rosidl_typesupport_introspection_c
[0.490s] -- Using all available rosidl_typesupport_cpp: rosidl_typesupport_fastrtps_cpp;rosidl_typesupport_introspection_cpp
[0.589s] -- Found rmw_implementation_cmake: 6.1.1 (/opt/ros/humble/share/rmw_implementation_cmake/cmake)
[0.592s] -- Found rmw_cyclonedds_cpp: 1.3.4 (/opt/ros/humble/share/rmw_cyclonedds_cpp/cmake)
[0.642s] -- Using RMW implementation 'rmw_cyclonedds_cpp' as default
[0.916s] -- Found std_srvs: 4.2.3 (/opt/ros/humble/share/std_srvs/cmake)
[0.943s] -- Found behaviortree_cpp: 4.5.2 (/home/denis/diploma_ws/install/behaviortree_cpp/share/behaviortree_cpp/cmake)
[0.946s] -- Found behaviortree_ros2: 0.2.0 (/home/denis/diploma_ws/install/behaviortree_ros2/share/behaviortree_ros2/cmake)
[1.157s] -- Found ament_lint_auto: 0.12.10 (/opt/ros/humble/share/ament_lint_auto/cmake)
[1.269s] -- Added test 'cppcheck' to perform static code analysis on C / C++ code
[1.269s] -- Configured cppcheck include dirs: /home/denis/diploma_ws/src/bt/include/bt
[1.269s] -- Configured cppcheck exclude dirs and/or files: 
[1.270s] -- Added test 'flake8' to check Python code syntax and style conventions
[1.271s] -- Added test 'lint_cmake' to check CMake code style
[1.272s] -- Added test 'pep257' to check Python code against some of the docstring style conventions in PEP 257
[1.274s] -- Added test 'uncrustify' to check C / C++ code style
[1.274s] -- Configured uncrustify additional arguments: 
[1.275s] -- Added test 'xmllint' to check XML markup files
[1.276s] -- Configuring done
[1.301s] -- Generating done
[1.304s] -- Build files have been written to: /home/denis/diploma_ws/build/bt
[1.367s] [ 50%] [32mBuilding CXX object CMakeFiles/lidar_bt_2.dir/src/lidar_bt_2.cpp.o[0m
[5.861s] In file included from [01m[K/home/denis/diploma_ws/src/bt/src/lidar_bt_2.cpp:1[m[K:
[5.861s] [01m[K/home/denis/diploma_ws/src/bt/include/bt/lidar_check_2.hpp:5:33:[m[K [01;31m[Kerror: [m[Kexpected template-name before â€˜[01m[K<[m[Kâ€™ token
[5.861s]     5 | class LidarCheck: RosServiceNode[01;31m[K<[m[Kstd_srvs::srv::SetBool>
[5.861s]       |                                 [01;31m[K^[m[K
[5.862s] [01m[K/home/denis/diploma_ws/src/bt/include/bt/lidar_check_2.hpp:5:33:[m[K [01;31m[Kerror: [m[Kexpected â€˜[01m[K{[m[Kâ€™ before â€˜[01m[K<[m[Kâ€™ token
[5.862s] [01m[K/home/denis/diploma_ws/src/bt/include/bt/lidar_check_2.hpp:5:33:[m[K [01;31m[Kerror: [m[Kexpected unqualified-id before â€˜[01m[K<[m[Kâ€™ token
[5.862s] [01m[K/home/denis/diploma_ws/src/bt/src/lidar_bt_2.cpp:[m[K In function â€˜[01m[Kint main(int, const char**)[m[Kâ€™:
[5.862s] [01m[K/home/denis/diploma_ws/src/bt/src/lidar_bt_2.cpp:7:29:[m[K [01;31m[Kerror: [m[Kexpected unqualified-id before â€˜[01m[K=[m[Kâ€™ token
[5.862s]     7 |     BT::BehaviorTreeFactory [01;31m[K=[m[K factory;
[5.863s]       |                             [01;31m[K^[m[K
[5.869s] [01m[K/home/denis/diploma_ws/src/bt/src/lidar_bt_2.cpp:14:17:[m[K [01;31m[Kerror: [m[Kâ€˜[01m[Knode[m[Kâ€™ was not declared in this scope
[5.869s]    14 |     params.nh = [01;31m[Knode[m[K;
[5.870s]       |                 [01;31m[K^~~~[m[K
[5.876s] [01m[K/home/denis/diploma_ws/src/bt/src/lidar_bt_2.cpp:16:5:[m[K [01;31m[Kerror: [m[Kâ€˜[01m[Kfactory[m[Kâ€™ was not declared in this scope
[5.876s]    16 |     [01;31m[Kfactory[m[K.registerNodeType<LidarCheck>("lidar_check", params);
[5.876s]       |     [01;31m[K^~~~~~~[m[K
[5.876s] [01m[K/home/denis/diploma_ws/src/bt/src/lidar_bt_2.cpp:16:40:[m[K [01;31m[Kerror: [m[Kexpected primary-expression before â€˜[01m[K>[m[Kâ€™ token
[5.876s]    16 |     factory.registerNodeType<LidarCheck[01;31m[K>[m[K("lidar_check", params);
[5.876s]       |                                        [01;31m[K^[m[K
[5.877s] [01m[K/home/denis/diploma_ws/src/bt/src/lidar_bt_2.cpp:16:42:[m[K [01;35m[Kwarning: [m[Kleft operand of comma operator has no effect [[01;35m[K]8;;https://gcc.gnu.org/onlinedocs/gcc/Warning-Options.html#index-Wunused-value-Wunused-value]8;;[m[K]
[5.877s]    16 |     factory.registerNodeType<LidarCheck>([01;35m[K"lidar_check"[m[K, params);
[5.877s]       |                                          [01;35m[K^~~~~~~~~~~~~[m[K
[5.879s] In file included from [01m[K/opt/ros/humble/include/rclcpp/rclcpp/logging.hpp:24[m[K,
[5.879s]                  from [01m[K/opt/ros/humble/include/rclcpp/rclcpp/client.hpp:40[m[K,
[5.879s]                  from [01m[K/opt/ros/humble/include/rclcpp/rclcpp/callback_group.hpp:24[m[K,
[5.879s]                  from [01m[K/opt/ros/humble/include/rclcpp/rclcpp/any_executable.hpp:20[m[K,
[5.879s]                  from [01m[K/opt/ros/humble/include/rclcpp/rclcpp/memory_strategy.hpp:25[m[K,
[5.879s]                  from [01m[K/opt/ros/humble/include/rclcpp/rclcpp/memory_strategies.hpp:18[m[K,
[5.879s]                  from [01m[K/opt/ros/humble/include/rclcpp/rclcpp/executor_options.hpp:20[m[K,
[5.879s]                  from [01m[K/opt/ros/humble/include/rclcpp/rclcpp/executor.hpp:37[m[K,
[5.879s]                  from [01m[K/opt/ros/humble/include/rclcpp/rclcpp/executors/multi_threaded_executor.hpp:25[m[K,
[5.880s]                  from [01m[K/opt/ros/humble/include/rclcpp/rclcpp/executors.hpp:21[m[K,
[5.880s]                  from [01m[K/home/denis/diploma_ws/install/behaviortree_ros2/include/behaviortree_ros2/bt_service_node.hpp:20[m[K,
[5.880s]                  from [01m[K/home/denis/diploma_ws/src/bt/include/bt/lidar_check_2.hpp:1[m[K,
[5.880s]                  from [01m[K/home/denis/diploma_ws/src/bt/src/lidar_bt_2.cpp:1[m[K:
[5.880s] [01m[K/home/denis/diploma_ws/src/bt/src/lidar_bt_2.cpp:30:49:[m[K [01;35m[Kwarning: [m[Kformat â€˜[01m[K%d[m[Kâ€™ expects argument of type â€˜[01m[Kint[m[Kâ€™, but argument 5 has type â€˜[01m[KBT::NodeStatus[m[Kâ€™ [[01;35m[K]8;;https://gcc.gnu.org/onlinedocs/gcc/Warning-Options.html#index-Wformat=-Wformat=]8;;[m[K]
[5.880s]    30 |         RCLCPP_INFO(rclcpp::get_logger("root"), [01;35m[K"BT Status: %d"[m[K, [32m[Kstatus[m[K);
[5.880s]       |                                                 [01;35m[K^~~~~~~~~~~~~~~[m[K  [32m[K~~~~~~[m[K
[5.880s]       |                                                                  [32m[K|[m[K
[5.880s]       |                                                                  [32m[KBT::NodeStatus[m[K
[5.880s] [01m[K/home/denis/diploma_ws/src/bt/src/lidar_bt_2.cpp:30:62:[m[K [01;36m[Knote: [m[Kformat string is defined here
[5.880s]    30 |         RCLCPP_INFO(rclcpp::get_logger("root"), "BT Status: [01;36m[K%d[m[K", status);
[5.880s]       |                                                             [01;36m[K~^[m[K
[5.881s]       |                                                              [01;36m[K|[m[K
[5.881s]       |                                                              [01;36m[Kint[m[K
[8.087s] gmake[2]: *** [CMakeFiles/lidar_bt_2.dir/build.make:76: CMakeFiles/lidar_bt_2.dir/src/lidar_bt_2.cpp.o] Error 1
[8.087s] gmake[1]: *** [CMakeFiles/Makefile2:137: CMakeFiles/lidar_bt_2.dir/all] Error 2
[8.088s] gmake: *** [Makefile:146: all] Error 2
[8.092s] Invoked command in '/home/denis/diploma_ws/build/bt' returned '2': CMAKE_PREFIX_PATH=/home/denis/diploma_ws/install/behaviortree_ros2:/home/denis/diploma_ws/install/behaviortree_cpp:/home/denis/diploma_ws/install/btcpp_ros2_samples:/home/denis/diploma_ws/install/btcpp_ros2_interfaces:/home/denis/diploma_ws/install/turtlebot3_navigation2:/home/denis/diploma_ws/install/turtlebot3_simulations:/home/denis/diploma_ws/install/turtlebot3_gazebo:/home/denis/diploma_ws/install/turtlebot3_fake_node:/home/denis/diploma_ws/install/ssu:/home/denis/diploma_ws/install/fsu:/home/denis/diploma_ws/install/csu:/home/denis/diploma_ws/install/bt:/opt/ros/humble LD_LIBRARY_PATH=/home/denis/diploma_ws/install/behaviortree_cpp/lib:/home/denis/diploma_ws/install/btcpp_ros2_interfaces/lib:/usr/lib/x86_64-linux-gnu/gazebo-11/plugins:/opt/ros/humble/opt/rviz_ogre_vendor/lib:/opt/ros/humble/lib/x86_64-linux-gnu:/opt/ros/humble/lib /usr/bin/cmake --build /home/denis/diploma_ws/build/bt -- -j4 -l4
