In file included from [01m[K/home/denis/diploma_ws/src/bt/src/lidar_bt.cpp:2[m[K:
[01m[K/home/denis/diploma_ws/src/bt/include/bt/reduce_speed.hpp:3:10:[m[K [01;31m[Kfatal error: [m[Kgeometry_msgs/msg/twist.hpp: No such file or directory
    3 | #include [01;31m[K"geometry_msgs/msg/twist.hpp"[m[K
      |          [01;31m[K^~~~~~~~~~~~~~~~~~~~~~~~~~~~~[m[K
compilation terminated.
gmake[2]: *** [CMakeFiles/lidar_bt.dir/build.make:76: CMakeFiles/lidar_bt.dir/src/lidar_bt.cpp.o] Error 1
gmake[1]: *** [CMakeFiles/Makefile2:137: CMakeFiles/lidar_bt.dir/all] Error 2
gmake: *** [Makefile:146: all] Error 2
