[0.047s] Invoking command in '/home/denis/diploma_ws/build/bt': CMAKE_PREFIX_PATH=/opt/ros/humble /usr/bin/cmake --build /home/denis/diploma_ws/build/bt -- -j4 -l4
[0.107s] -- Found ament_cmake: 1.3.8 (/opt/ros/humble/share/ament_cmake/cmake)
[0.553s] -- Found rclcpp: 16.0.8 (/opt/ros/humble/share/rclcpp/cmake)
[0.716s] -- Found rosidl_generator_c: 3.1.5 (/opt/ros/humble/share/rosidl_generator_c/cmake)
[0.735s] -- Found rosidl_adapter: 3.1.5 (/opt/ros/humble/share/rosidl_adapter/cmake)
[0.774s] -- Found rosidl_generator_cpp: 3.1.5 (/opt/ros/humble/share/rosidl_generator_cpp/cmake)
[0.828s] -- Using all available rosidl_typesupport_c: rosidl_typesupport_fastrtps_c;rosidl_typesupport_introspection_c
[0.930s] -- Using all available rosidl_typesupport_cpp: rosidl_typesupport_fastrtps_cpp;rosidl_typesupport_introspection_cpp
[1.252s] -- Found rmw_implementation_cmake: 6.1.1 (/opt/ros/humble/share/rmw_implementation_cmake/cmake)
[1.257s] -- Found rmw_fastrtps_cpp: 6.2.6 (/opt/ros/humble/share/rmw_fastrtps_cpp/cmake)
[1.634s] -- Found OpenSSL: /usr/lib/x86_64-linux-gnu/libcrypto.so (found version "3.0.2")  
[1.723s] -- Found FastRTPS: /opt/ros/humble/include  
[1.883s] -- Using RMW implementation 'rmw_fastrtps_cpp' as default
[1.911s] -- Looking for pthread.h
[2.074s] -- Looking for pthread.h - found
[2.075s] -- Performing Test CMAKE_HAVE_LIBC_PTHREAD
[2.217s] -- Performing Test CMAKE_HAVE_LIBC_PTHREAD - Success
[2.221s] -- Found Threads: TRUE  
[2.539s] -- Found std_srvs: 4.2.3 (/opt/ros/humble/share/std_srvs/cmake)
[2.571s] -- Found ament_lint_auto: 0.12.10 (/opt/ros/humble/share/ament_lint_auto/cmake)
[2.691s] -- Added test 'cppcheck' to perform static code analysis on C / C++ code
[2.691s] -- Configured cppcheck include dirs: /home/denis/diploma_ws/src/bt/include/bt
[2.691s] -- Configured cppcheck exclude dirs and/or files: 
[2.692s] -- Added test 'flake8' to check Python code syntax and style conventions
[2.693s] -- Added test 'lint_cmake' to check CMake code style
[2.694s] -- Added test 'pep257' to check Python code against some of the docstring style conventions in PEP 257
[2.697s] -- Added test 'uncrustify' to check C / C++ code style
[2.697s] -- Configured uncrustify additional arguments: 
[2.698s] -- Added test 'xmllint' to check XML markup files
[2.701s] -- Configuring done
[2.724s] -- Generating done
[2.727s] -- Build files have been written to: /home/denis/diploma_ws/build/bt
[2.788s] [ 50%] [32mBuilding CXX object CMakeFiles/lidar_bt.dir/src/lidar_bt.cpp.o[0m
[2.844s] In file included from [01m[K/home/denis/diploma_ws/src/bt/src/lidar_bt.cpp:1[m[K:
[2.844s] [01m[K/home/denis/diploma_ws/src/bt/include/bt/lidar_check.hpp:3:10:[m[K [01;31m[Kfatal error: [m[Kbehaviortree_cpp/condition_node.h: No such file or directory
[2.844s]     3 | #include [01;31m[K"behaviortree_cpp/condition_node.h"[m[K
[2.844s]       |          [01;31m[K^~~~~~~~~~~~~~~~~~~~~~~~~~~~~~~~~~~[m[K
[2.844s] compilation terminated.
[2.845s] gmake[2]: *** [CMakeFiles/lidar_bt.dir/build.make:76: CMakeFiles/lidar_bt.dir/src/lidar_bt.cpp.o] Error 1
[2.846s] gmake[1]: *** [CMakeFiles/Makefile2:137: CMakeFiles/lidar_bt.dir/all] Error 2
[2.846s] gmake: *** [Makefile:146: all] Error 2
[2.850s] Invoked command in '/home/denis/diploma_ws/build/bt' returned '2': CMAKE_PREFIX_PATH=/opt/ros/humble /usr/bin/cmake --build /home/denis/diploma_ws/build/bt -- -j4 -l4
